"2019-10-24 18:24:01,956 [<string>:1] j"
"2019-10-24 18:24:02,767 [<string>:1] j"
"2019-10-24 18:24:03,094 [<string>:1] j"
"2019-10-24 18:24:03,408 [<string>:1] j"
"2019-10-24 18:24:03,718 [<string>:1] j"
"2019-10-24 18:25:03,546 [<string>:1] jj"
"2019-10-24 18:25:04,574 [<string>:1] jj"
"2019-10-24 18:25:05,082 [<string>:1] jj"
"2019-10-24 18:25:15,315 [<string>:1] jj"
"2019-10-24 18:25:16,443 [<string>:1] jj"
"2019-10-25 14:07:19,854 [_exceptions.py:34] IMDbParserError exception raised; args: ('invalid movieID "tt3107288": invalid literal for int() with base 10: \'tt3107288\'',); kwds: {}"
Traceback (most recent call last):
  File "C:\Program Files (x86)\Python3.7\lib\site-packages\imdb\parser\http\__init__.py", line 314, in _normalize_movieID
    return '%07d' % int(movieID)
ValueError: invalid literal for int() with base 10: 'tt3107288'
"2019-10-26 02:28:01,315 [api.py:415] Failed to get info for:1399: name 'imdb_tv_info' is not defined"
"2019-10-26 02:28:01,316 [api.py:415] Failed to get info for:60735: name 'imdb_tv_info' is not defined"
"2019-10-26 02:48:38,120 [api.py:479] No info on imdb for tmdb id: 1399 : Game of Thrones "
"2019-10-26 02:48:38,120 [api.py:479] No info on imdb for tmdb id: 1399 : Game of Thrones "
"2019-10-26 02:48:38,120 [api.py:479] No info on imdb for tmdb id: 1399 : Game of Thrones "
"2019-10-26 02:48:38,120 [api.py:479] No info on imdb for tmdb id: 1399 : Game of Thrones "
"2019-10-26 02:48:38,120 [api.py:479] No info on imdb for tmdb id: 1399 : Game of Thrones "
"2019-10-26 02:48:38,120 [api.py:479] No info on imdb for tmdb id: 1399 : Game of Thrones "
"2019-10-26 02:48:38,120 [api.py:479] No info on imdb for tmdb id: 1399 : Game of Thrones "
"2019-10-26 02:48:38,120 [api.py:479] No info on imdb for tmdb id: 1399 : Game of Thrones "
"2019-10-26 02:48:38,120 [api.py:479] No info on imdb for tmdb id: 1399 : Game of Thrones "
"2019-10-26 02:48:38,120 [api.py:479] No info on imdb for tmdb id: 1399 : Game of Thrones "
"2019-10-26 02:48:38,121 [api.py:479] No info on imdb for tmdb id: 1399 : Game of Thrones "
"2019-10-26 02:48:38,121 [api.py:479] No info on imdb for tmdb id: 1399 : Game of Thrones "
"2019-10-26 02:48:38,121 [api.py:479] No info on imdb for tmdb id: 1399 : Game of Thrones "
"2019-10-26 02:48:38,121 [api.py:479] No info on imdb for tmdb id: 1399 : Game of Thrones "
"2019-10-26 02:48:38,121 [api.py:479] No info on imdb for tmdb id: 1399 : Game of Thrones "
"2019-10-26 02:48:38,121 [api.py:479] No info on imdb for tmdb id: 1399 : Game of Thrones "
"2019-10-26 02:48:38,121 [api.py:479] No info on imdb for tmdb id: 1399 : Game of Thrones "
"2019-10-26 02:48:38,121 [api.py:479] No info on imdb for tmdb id: 1399 : Game of Thrones "
"2019-10-26 02:48:38,121 [api.py:479] No info on imdb for tmdb id: 1399 : Game of Thrones "
"2019-10-26 02:48:38,121 [api.py:479] No info on imdb for tmdb id: 1399 : Game of Thrones "
"2019-10-26 02:48:38,121 [api.py:479] No info on imdb for tmdb id: 1399 : Game of Thrones "
"2019-10-26 02:48:38,121 [api.py:479] No info on imdb for tmdb id: 1399 : Game of Thrones "
"2019-10-26 02:48:38,121 [api.py:479] No info on imdb for tmdb id: 1399 : Game of Thrones "
"2019-10-26 02:48:38,121 [api.py:479] No info on imdb for tmdb id: 1399 : Game of Thrones "
"2019-10-26 02:48:38,122 [api.py:479] No info on imdb for tmdb id: 1399 : Game of Thrones "
"2019-10-26 02:48:38,122 [api.py:479] No info on imdb for tmdb id: 1399 : Game of Thrones "
"2019-10-26 02:48:38,122 [api.py:479] No info on imdb for tmdb id: 1399 : Game of Thrones "
"2019-10-26 02:48:38,122 [api.py:479] No info on imdb for tmdb id: 1399 : Game of Thrones "
"2019-10-26 02:48:38,122 [api.py:479] No info on imdb for tmdb id: 1399 : Game of Thrones "
"2019-10-26 02:48:38,122 [api.py:479] No info on imdb for tmdb id: 1399 : Game of Thrones "
"2019-10-26 02:48:38,122 [api.py:479] No info on imdb for tmdb id: 1399 : Game of Thrones "
"2019-10-26 02:48:38,122 [api.py:479] No info on imdb for tmdb id: 1399 : Game of Thrones "
"2019-10-26 02:48:38,122 [api.py:479] No info on imdb for tmdb id: 1399 : Game of Thrones "
"2019-10-26 02:48:38,123 [api.py:479] No info on imdb for tmdb id: 1399 : Game of Thrones "
"2019-10-26 02:48:38,123 [api.py:479] No info on imdb for tmdb id: 1399 : Game of Thrones "
"2019-10-26 02:48:38,123 [api.py:479] No info on imdb for tmdb id: 1399 : Game of Thrones "
"2019-10-26 02:48:38,123 [api.py:479] No info on imdb for tmdb id: 1399 : Game of Thrones "
"2019-10-26 02:48:38,123 [api.py:479] No info on imdb for tmdb id: 1399 : Game of Thrones "
"2019-10-26 02:48:38,123 [api.py:479] No info on imdb for tmdb id: 1399 : Game of Thrones "
"2019-10-26 02:48:38,123 [api.py:479] No info on imdb for tmdb id: 1399 : Game of Thrones "
"2019-10-26 02:48:38,123 [api.py:479] No info on imdb for tmdb id: 1399 : Game of Thrones "
"2019-10-26 02:48:38,124 [api.py:479] No info on imdb for tmdb id: 1399 : Game of Thrones "
"2019-10-26 02:48:38,124 [api.py:479] No info on imdb for tmdb id: 1399 : Game of Thrones "
"2019-10-26 02:48:38,124 [api.py:479] No info on imdb for tmdb id: 1399 : Game of Thrones "
"2019-10-26 02:48:38,124 [api.py:479] No info on imdb for tmdb id: 1399 : Game of Thrones "
"2019-10-26 02:48:38,124 [api.py:479] No info on imdb for tmdb id: 1399 : Game of Thrones "
"2019-10-26 02:48:38,124 [api.py:479] No info on imdb for tmdb id: 1399 : Game of Thrones "
"2019-10-26 02:48:38,124 [api.py:479] No info on imdb for tmdb id: 1399 : Game of Thrones "
"2019-10-26 02:48:38,124 [api.py:479] No info on imdb for tmdb id: 1399 : Game of Thrones "
"2019-10-26 02:48:38,125 [api.py:479] No info on imdb for tmdb id: 1399 : Game of Thrones "
"2019-10-26 02:48:38,125 [api.py:479] No info on imdb for tmdb id: 1399 : Game of Thrones "
"2019-10-26 02:48:38,125 [api.py:479] No info on imdb for tmdb id: 1399 : Game of Thrones "
"2019-10-26 02:48:38,125 [api.py:479] No info on imdb for tmdb id: 1399 : Game of Thrones "
"2019-10-26 02:48:38,125 [api.py:479] No info on imdb for tmdb id: 1399 : Game of Thrones "
"2019-10-26 02:48:38,125 [api.py:479] No info on imdb for tmdb id: 1399 : Game of Thrones "
"2019-10-26 02:48:38,125 [api.py:479] No info on imdb for tmdb id: 1399 : Game of Thrones "
"2019-10-26 02:48:38,125 [api.py:479] No info on imdb for tmdb id: 1399 : Game of Thrones "
"2019-10-26 02:48:38,126 [api.py:479] No info on imdb for tmdb id: 1399 : Game of Thrones "
"2019-10-26 02:48:38,126 [api.py:479] No info on imdb for tmdb id: 1399 : Game of Thrones "
"2019-10-26 02:48:38,126 [api.py:479] No info on imdb for tmdb id: 1399 : Game of Thrones "
"2019-10-26 02:48:38,126 [api.py:479] No info on imdb for tmdb id: 1399 : Game of Thrones "
"2019-10-26 02:48:38,127 [api.py:479] No info on imdb for tmdb id: 1399 : Game of Thrones "
"2019-10-26 02:48:38,127 [api.py:479] No info on imdb for tmdb id: 1399 : Game of Thrones "
"2019-10-26 02:48:38,127 [api.py:479] No info on imdb for tmdb id: 1399 : Game of Thrones "
"2019-10-26 02:48:38,127 [api.py:479] No info on imdb for tmdb id: 1399 : Game of Thrones "
"2019-10-26 02:48:38,127 [api.py:479] No info on imdb for tmdb id: 1399 : Game of Thrones "
"2019-10-26 02:48:38,128 [api.py:479] No info on imdb for tmdb id: 1399 : Game of Thrones "
"2019-10-26 02:48:38,128 [api.py:479] No info on imdb for tmdb id: 1399 : Game of Thrones "
"2019-10-26 02:48:38,128 [api.py:479] No info on imdb for tmdb id: 1399 : Game of Thrones "
"2019-10-26 02:48:38,128 [api.py:479] No info on imdb for tmdb id: 1399 : Game of Thrones "
"2019-10-26 02:48:38,128 [api.py:479] No info on imdb for tmdb id: 1399 : Game of Thrones "
"2019-10-26 02:48:38,128 [api.py:479] No info on imdb for tmdb id: 1399 : Game of Thrones "
"2019-10-26 02:48:38,129 [api.py:479] No info on imdb for tmdb id: 1399 : Game of Thrones "
"2019-10-26 02:48:38,129 [api.py:479] No info on imdb for tmdb id: 1399 : Game of Thrones "
"2019-10-26 02:48:38,129 [api.py:479] No info on imdb for tmdb id: 1399 : Game of Thrones "
"2019-10-26 02:48:38,129 [api.py:479] No info on imdb for tmdb id: 1399 : Game of Thrones "
"2019-10-26 02:48:38,129 [api.py:479] No info on imdb for tmdb id: 1399 : Game of Thrones "
"2019-10-26 02:48:38,129 [api.py:479] No info on imdb for tmdb id: 1399 : Game of Thrones "
"2019-10-26 02:48:38,130 [api.py:479] No info on imdb for tmdb id: 1399 : Game of Thrones "
"2019-10-26 02:48:38,130 [api.py:479] No info on imdb for tmdb id: 1399 : Game of Thrones "
"2019-10-26 02:48:38,130 [api.py:479] No info on imdb for tmdb id: 1399 : Game of Thrones "
"2019-10-26 02:48:38,130 [api.py:479] No info on imdb for tmdb id: 1399 : Game of Thrones "
"2019-10-26 02:48:38,130 [api.py:479] No info on imdb for tmdb id: 1399 : Game of Thrones "
"2019-10-26 02:48:38,130 [api.py:479] No info on imdb for tmdb id: 1399 : Game of Thrones "
"2019-10-26 02:48:38,130 [api.py:479] No info on imdb for tmdb id: 1399 : Game of Thrones "
"2019-10-26 02:48:38,130 [api.py:479] No info on imdb for tmdb id: 1399 : Game of Thrones "
"2019-10-26 02:48:38,131 [api.py:479] No info on imdb for tmdb id: 1399 : Game of Thrones "
"2019-10-26 02:48:38,131 [api.py:479] No info on imdb for tmdb id: 1399 : Game of Thrones "
"2019-10-26 02:48:38,131 [api.py:479] No info on imdb for tmdb id: 1399 : Game of Thrones "
"2019-10-26 02:48:38,131 [api.py:479] No info on imdb for tmdb id: 1399 : Game of Thrones "
"2019-10-26 02:49:19,259 [api.py:479] No info on imdb for tmdb id: 1399 : Game of Thrones "
"2019-10-26 02:49:19,259 [api.py:479] No info on imdb for tmdb id: 1399 : Game of Thrones "
"2019-10-26 02:49:19,259 [api.py:479] No info on imdb for tmdb id: 1399 : Game of Thrones "
"2019-10-26 02:49:19,259 [api.py:479] No info on imdb for tmdb id: 1399 : Game of Thrones "
"2019-10-26 02:49:19,259 [api.py:479] No info on imdb for tmdb id: 1399 : Game of Thrones "
"2019-10-26 02:49:19,259 [api.py:479] No info on imdb for tmdb id: 1399 : Game of Thrones "
"2019-10-26 02:49:19,259 [api.py:479] No info on imdb for tmdb id: 1399 : Game of Thrones "
"2019-10-26 02:49:19,260 [api.py:479] No info on imdb for tmdb id: 1399 : Game of Thrones "
"2019-10-26 02:49:19,260 [api.py:479] No info on imdb for tmdb id: 1399 : Game of Thrones "
"2019-10-26 02:49:19,260 [api.py:479] No info on imdb for tmdb id: 1399 : Game of Thrones "
"2019-10-26 02:49:19,260 [api.py:479] No info on imdb for tmdb id: 1399 : Game of Thrones "
"2019-10-26 02:49:19,260 [api.py:479] No info on imdb for tmdb id: 1399 : Game of Thrones "
"2019-10-26 02:49:19,261 [api.py:479] No info on imdb for tmdb id: 1399 : Game of Thrones "
"2019-10-26 02:49:19,261 [api.py:479] No info on imdb for tmdb id: 1399 : Game of Thrones "
"2019-10-26 02:49:19,261 [api.py:479] No info on imdb for tmdb id: 1399 : Game of Thrones "
"2019-10-26 02:49:19,261 [api.py:479] No info on imdb for tmdb id: 1399 : Game of Thrones "
"2019-10-26 02:49:19,261 [api.py:479] No info on imdb for tmdb id: 1399 : Game of Thrones "
"2019-10-26 02:49:19,261 [api.py:479] No info on imdb for tmdb id: 1399 : Game of Thrones "
"2019-10-26 02:49:19,261 [api.py:479] No info on imdb for tmdb id: 1399 : Game of Thrones "
"2019-10-26 02:49:19,261 [api.py:479] No info on imdb for tmdb id: 1399 : Game of Thrones "
"2019-10-26 02:49:19,261 [api.py:479] No info on imdb for tmdb id: 1399 : Game of Thrones "
"2019-10-26 02:49:19,261 [api.py:479] No info on imdb for tmdb id: 1399 : Game of Thrones "
"2019-10-26 02:49:19,261 [api.py:479] No info on imdb for tmdb id: 1399 : Game of Thrones "
"2019-10-26 02:49:19,261 [api.py:479] No info on imdb for tmdb id: 1399 : Game of Thrones "
"2019-10-26 02:49:19,262 [api.py:479] No info on imdb for tmdb id: 1399 : Game of Thrones "
"2019-10-26 02:49:19,262 [api.py:479] No info on imdb for tmdb id: 1399 : Game of Thrones "
"2019-10-26 02:49:19,262 [api.py:479] No info on imdb for tmdb id: 1399 : Game of Thrones "
"2019-10-26 02:49:19,262 [api.py:479] No info on imdb for tmdb id: 1399 : Game of Thrones "
"2019-10-26 02:49:19,262 [api.py:479] No info on imdb for tmdb id: 1399 : Game of Thrones "
"2019-10-26 02:49:19,262 [api.py:479] No info on imdb for tmdb id: 1399 : Game of Thrones "
"2019-10-26 02:49:19,262 [api.py:479] No info on imdb for tmdb id: 1399 : Game of Thrones "
"2019-10-26 02:49:19,262 [api.py:479] No info on imdb for tmdb id: 1399 : Game of Thrones "
"2019-10-26 02:49:19,262 [api.py:479] No info on imdb for tmdb id: 1399 : Game of Thrones "
"2019-10-26 02:49:19,262 [api.py:479] No info on imdb for tmdb id: 1399 : Game of Thrones "
"2019-10-26 02:49:19,262 [api.py:479] No info on imdb for tmdb id: 1399 : Game of Thrones "
"2019-10-26 02:49:19,262 [api.py:479] No info on imdb for tmdb id: 1399 : Game of Thrones "
"2019-10-26 02:49:19,262 [api.py:479] No info on imdb for tmdb id: 1399 : Game of Thrones "
"2019-10-26 02:49:19,263 [api.py:479] No info on imdb for tmdb id: 1399 : Game of Thrones "
"2019-10-26 02:49:19,263 [api.py:479] No info on imdb for tmdb id: 1399 : Game of Thrones "
"2019-10-26 02:49:19,263 [api.py:479] No info on imdb for tmdb id: 1399 : Game of Thrones "
"2019-10-26 02:49:19,263 [api.py:479] No info on imdb for tmdb id: 1399 : Game of Thrones "
"2019-10-26 02:49:19,263 [api.py:479] No info on imdb for tmdb id: 1399 : Game of Thrones "
"2019-10-26 02:49:19,263 [api.py:479] No info on imdb for tmdb id: 1399 : Game of Thrones "
"2019-10-26 02:49:19,263 [api.py:479] No info on imdb for tmdb id: 1399 : Game of Thrones "
"2019-10-26 02:49:19,263 [api.py:479] No info on imdb for tmdb id: 1399 : Game of Thrones "
"2019-10-26 02:49:19,263 [api.py:479] No info on imdb for tmdb id: 1399 : Game of Thrones "
"2019-10-26 02:49:19,263 [api.py:479] No info on imdb for tmdb id: 1399 : Game of Thrones "
"2019-10-26 02:49:19,263 [api.py:479] No info on imdb for tmdb id: 1399 : Game of Thrones "
"2019-10-26 02:49:19,263 [api.py:479] No info on imdb for tmdb id: 1399 : Game of Thrones "
"2019-10-26 02:49:19,263 [api.py:479] No info on imdb for tmdb id: 1399 : Game of Thrones "
"2019-10-26 02:49:19,264 [api.py:479] No info on imdb for tmdb id: 1399 : Game of Thrones "
"2019-10-26 02:49:19,264 [api.py:479] No info on imdb for tmdb id: 1399 : Game of Thrones "
"2019-10-26 02:49:19,264 [api.py:479] No info on imdb for tmdb id: 1399 : Game of Thrones "
"2019-10-26 02:49:19,264 [api.py:479] No info on imdb for tmdb id: 1399 : Game of Thrones "
"2019-10-26 02:49:19,264 [api.py:479] No info on imdb for tmdb id: 1399 : Game of Thrones "
"2019-10-26 02:49:19,264 [api.py:479] No info on imdb for tmdb id: 1399 : Game of Thrones "
"2019-10-26 02:49:19,264 [api.py:479] No info on imdb for tmdb id: 1399 : Game of Thrones "
"2019-10-26 02:49:19,264 [api.py:479] No info on imdb for tmdb id: 1399 : Game of Thrones "
"2019-10-26 02:49:19,264 [api.py:479] No info on imdb for tmdb id: 1399 : Game of Thrones "
"2019-10-26 02:49:19,264 [api.py:479] No info on imdb for tmdb id: 1399 : Game of Thrones "
"2019-10-26 02:49:19,264 [api.py:479] No info on imdb for tmdb id: 1399 : Game of Thrones "
"2019-10-26 02:49:19,264 [api.py:479] No info on imdb for tmdb id: 1399 : Game of Thrones "
"2019-10-26 02:49:19,264 [api.py:479] No info on imdb for tmdb id: 1399 : Game of Thrones "
"2019-10-26 02:49:19,265 [api.py:479] No info on imdb for tmdb id: 1399 : Game of Thrones "
"2019-10-26 02:49:19,265 [api.py:479] No info on imdb for tmdb id: 1399 : Game of Thrones "
"2019-10-26 02:49:19,265 [api.py:479] No info on imdb for tmdb id: 1399 : Game of Thrones "
"2019-10-26 02:49:19,266 [api.py:479] No info on imdb for tmdb id: 1399 : Game of Thrones "
"2019-10-26 02:49:19,266 [api.py:479] No info on imdb for tmdb id: 1399 : Game of Thrones "
"2019-10-26 02:49:19,266 [api.py:479] No info on imdb for tmdb id: 1399 : Game of Thrones "
"2019-10-26 02:49:19,267 [api.py:479] No info on imdb for tmdb id: 1399 : Game of Thrones "
"2019-10-26 02:49:19,267 [api.py:479] No info on imdb for tmdb id: 1399 : Game of Thrones "
"2019-10-26 02:49:19,267 [api.py:479] No info on imdb for tmdb id: 1399 : Game of Thrones "
"2019-10-26 02:49:19,267 [api.py:479] No info on imdb for tmdb id: 1399 : Game of Thrones "
"2019-10-26 02:49:19,268 [api.py:479] No info on imdb for tmdb id: 1399 : Game of Thrones "
"2019-10-26 02:49:19,268 [api.py:479] No info on imdb for tmdb id: 1399 : Game of Thrones "
"2019-10-26 02:49:19,269 [api.py:479] No info on imdb for tmdb id: 1399 : Game of Thrones "
"2019-10-26 02:49:19,269 [api.py:479] No info on imdb for tmdb id: 1399 : Game of Thrones "
"2019-10-26 02:49:19,269 [api.py:479] No info on imdb for tmdb id: 1399 : Game of Thrones "
"2019-10-26 02:49:19,269 [api.py:479] No info on imdb for tmdb id: 1399 : Game of Thrones "
"2019-10-26 02:49:19,269 [api.py:479] No info on imdb for tmdb id: 1399 : Game of Thrones "
"2019-10-26 02:49:19,269 [api.py:479] No info on imdb for tmdb id: 1399 : Game of Thrones "
"2019-10-26 02:49:19,269 [api.py:479] No info on imdb for tmdb id: 1399 : Game of Thrones "
"2019-10-26 02:49:19,270 [api.py:479] No info on imdb for tmdb id: 1399 : Game of Thrones "
"2019-10-26 02:49:19,270 [api.py:479] No info on imdb for tmdb id: 1399 : Game of Thrones "
"2019-10-26 02:49:19,271 [api.py:479] No info on imdb for tmdb id: 1399 : Game of Thrones "
"2019-10-26 02:49:19,271 [api.py:479] No info on imdb for tmdb id: 1399 : Game of Thrones "
"2019-10-26 02:49:19,271 [api.py:479] No info on imdb for tmdb id: 1399 : Game of Thrones "
"2019-10-26 02:49:19,272 [api.py:479] No info on imdb for tmdb id: 1399 : Game of Thrones "
"2019-10-26 02:49:19,272 [api.py:479] No info on imdb for tmdb id: 1399 : Game of Thrones "
"2019-10-26 02:49:19,272 [api.py:479] No info on imdb for tmdb id: 1399 : Game of Thrones "
"2019-10-26 02:57:02,866 [api.py:479] No info on imdb for tmdb id: 60735 : The Flash "
"2019-10-26 02:57:41,554 [api.py:479] No info on imdb for tmdb id: 60735 : The Flash "
"2019-10-26 02:58:10,820 [api.py:479] No info on imdb for tmdb id: 60735 : The Flash "
"2019-10-26 02:58:22,027 [api.py:479] No info on imdb for tmdb id: 60735 : The Flash "
"2019-10-26 02:58:22,028 [api.py:479] No info on imdb for tmdb id: 60735 : The Flash "
"2019-10-26 03:01:00,088 [api.py:479] No info on imdb for tmdb id: 60735 : The Flash "
"2019-10-26 03:01:00,101 [api.py:479] No info on imdb for tmdb id: 60735 : The Flash "
"2019-10-26 03:01:00,102 [api.py:479] No info on imdb for tmdb id: 60735 : The Flash "
"2019-10-26 03:01:00,104 [api.py:479] No info on imdb for tmdb id: 60735 : The Flash "
"2019-10-26 03:01:00,105 [api.py:479] No info on imdb for tmdb id: 60735 : The Flash "
"2019-10-26 12:33:19,376 [api.py:479] No info on imdb for tmdb id: 60735 : The Flash "
"2019-10-26 12:33:19,381 [api.py:479] No info on imdb for tmdb id: 60735 : The Flash "
"2019-10-26 12:33:19,382 [api.py:479] No info on imdb for tmdb id: 60735 : The Flash "
"2019-10-26 12:33:19,383 [api.py:479] No info on imdb for tmdb id: 60735 : The Flash "
"2019-10-26 12:33:19,385 [api.py:479] No info on imdb for tmdb id: 60735 : The Flash "
"2019-10-26 15:38:52,682 [api.py:415] Failed to get info for:1399: 'producers'"
"2019-10-26 15:38:54,332 [api.py:415] Failed to get info for:60735: 'producers'"
"2019-10-26 15:47:14,166 [api.py:516] No info on imdb for tmdb id: 60735 : The Flash"
"2019-10-26 15:48:51,826 [api.py:516] No info on imdb for tmdb id: 60735 : The Flash"
"2019-10-26 15:48:51,827 [api.py:516] No info on imdb for tmdb id: 60735 : The Flash"
"2019-10-26 15:48:51,829 [api.py:516] No info on imdb for tmdb id: 60735 : The Flash"
"2019-10-26 15:48:51,830 [api.py:516] No info on imdb for tmdb id: 60735 : The Flash"
"2019-10-26 15:49:41,243 [api.py:516] No info on imdb for tmdb id: 60735 : The Flash"
"2019-10-26 15:51:28,493 [api.py:516] No info on imdb for tmdb id: 60735 : The Flash Season 0 Episode 1"
"2019-10-26 15:51:28,494 [api.py:516] No info on imdb for tmdb id: 60735 : The Flash Season 0 Episode 2"
"2019-10-26 15:51:28,494 [api.py:516] No info on imdb for tmdb id: 60735 : The Flash Season 0 Episode 3"
"2019-10-26 15:51:28,495 [api.py:516] No info on imdb for tmdb id: 60735 : The Flash Season 0 Episode 4"
"2019-10-26 15:51:28,497 [api.py:516] No info on imdb for tmdb id: 60735 : The Flash Season 0 Episode 5"
"2019-10-26 15:51:28,616 [api.py:516] No info on imdb for tmdb id: 60735 : The Flash Season 6 Episode 8"
"2019-10-26 15:51:40,623 [api.py:516] No info on imdb for tmdb id: 1399 : Game of Thrones Season 0 Episode 1"
"2019-10-26 15:51:40,623 [api.py:516] No info on imdb for tmdb id: 1399 : Game of Thrones Season 0 Episode 2"
"2019-10-26 15:51:40,624 [api.py:516] No info on imdb for tmdb id: 1399 : Game of Thrones Season 0 Episode 3"
"2019-10-26 15:51:40,625 [api.py:516] No info on imdb for tmdb id: 1399 : Game of Thrones Season 0 Episode 4"
"2019-10-26 15:51:40,625 [api.py:516] No info on imdb for tmdb id: 1399 : Game of Thrones Season 0 Episode 5"
"2019-10-26 15:51:40,626 [api.py:516] No info on imdb for tmdb id: 1399 : Game of Thrones Season 0 Episode 6"
"2019-10-26 15:51:40,626 [api.py:516] No info on imdb for tmdb id: 1399 : Game of Thrones Season 0 Episode 7"
"2019-10-26 15:51:40,627 [api.py:516] No info on imdb for tmdb id: 1399 : Game of Thrones Season 0 Episode 8"
"2019-10-26 15:51:40,627 [api.py:516] No info on imdb for tmdb id: 1399 : Game of Thrones Season 0 Episode 9"
"2019-10-26 15:51:40,628 [api.py:516] No info on imdb for tmdb id: 1399 : Game of Thrones Season 0 Episode 10"
"2019-10-26 15:51:40,628 [api.py:516] No info on imdb for tmdb id: 1399 : Game of Thrones Season 0 Episode 11"
"2019-10-26 15:51:40,629 [api.py:516] No info on imdb for tmdb id: 1399 : Game of Thrones Season 0 Episode 12"
"2019-10-26 15:51:40,629 [api.py:516] No info on imdb for tmdb id: 1399 : Game of Thrones Season 0 Episode 13"
"2019-10-26 15:51:40,630 [api.py:516] No info on imdb for tmdb id: 1399 : Game of Thrones Season 0 Episode 14"
"2019-10-26 15:51:40,631 [api.py:516] No info on imdb for tmdb id: 1399 : Game of Thrones Season 0 Episode 15"
"2019-10-26 15:51:40,631 [api.py:516] No info on imdb for tmdb id: 1399 : Game of Thrones Season 0 Episode 16"
"2019-10-26 15:51:40,632 [api.py:516] No info on imdb for tmdb id: 1399 : Game of Thrones Season 0 Episode 41"
"2019-10-26 15:52:14,697 [api.py:516] No info on imdb for tmdb id: 60735 : The Flash Season 0 Episode 1"
"2019-10-26 15:52:14,698 [api.py:516] No info on imdb for tmdb id: 60735 : The Flash Season 0 Episode 2"
"2019-10-26 15:52:14,699 [api.py:516] No info on imdb for tmdb id: 60735 : The Flash Season 0 Episode 3"
"2019-10-26 15:52:14,699 [api.py:516] No info on imdb for tmdb id: 60735 : The Flash Season 0 Episode 4"
"2019-10-26 15:52:14,700 [api.py:516] No info on imdb for tmdb id: 60735 : The Flash Season 0 Episode 5"
"2019-10-26 15:52:14,800 [api.py:516] No info on imdb for tmdb id: 60735 : The Flash Season 6 Episode 8"
"2019-10-26 16:20:36,055 [api.py:516] No info on imdb for tmdb id: 60735 : The Flash Season 0 Episode 1"
"2019-10-26 16:20:36,056 [api.py:516] No info on imdb for tmdb id: 60735 : The Flash Season 0 Episode 2"
"2019-10-26 16:20:36,056 [api.py:516] No info on imdb for tmdb id: 60735 : The Flash Season 0 Episode 3"
"2019-10-26 16:20:36,057 [api.py:516] No info on imdb for tmdb id: 60735 : The Flash Season 0 Episode 4"
"2019-10-26 16:20:36,058 [api.py:516] No info on imdb for tmdb id: 60735 : The Flash Season 0 Episode 5"
"2019-10-26 16:27:23,024 [api.py:516] No info on imdb for tmdb id: 60735 : The Flash Season 6 Episode 8"
"2019-10-28 18:46:51,789 [api.py:415] Failed to get info for:1399: name 'extract_episode_infos' is not defined"
"2019-10-28 18:46:51,789 [api.py:415] Failed to get info for:60735: name 'extract_episode_infos' is not defined"
"2019-10-28 18:48:55,098 [api.py:415] Failed to get info for:60735: name 'extract_episode_infos' is not defined"
"2019-10-28 18:48:55,098 [api.py:415] Failed to get info for:1399: name 'extract_episode_infos' is not defined"
"2019-10-28 18:51:25,847 [api.py:415] Failed to get info for:1399: name 'extract_episode_infos' is not defined"
"2019-10-28 22:28:00,182 [api.py:515] No info on imdb for tmdb id: 1399 : Game of Thrones Season 0 Episode 1"
"2019-10-28 22:28:00,189 [api.py:515] No info on imdb for tmdb id: 1399 : Game of Thrones Season 0 Episode 2"
"2019-10-28 22:28:00,189 [api.py:515] No info on imdb for tmdb id: 1399 : Game of Thrones Season 0 Episode 3"
"2019-10-28 22:28:00,189 [api.py:515] No info on imdb for tmdb id: 1399 : Game of Thrones Season 0 Episode 4"
"2019-10-28 22:28:00,189 [api.py:515] No info on imdb for tmdb id: 1399 : Game of Thrones Season 0 Episode 5"
"2019-10-28 22:28:00,189 [api.py:515] No info on imdb for tmdb id: 1399 : Game of Thrones Season 0 Episode 6"
"2019-10-28 22:28:00,193 [api.py:515] No info on imdb for tmdb id: 1399 : Game of Thrones Season 0 Episode 7"
"2019-10-28 22:28:00,193 [api.py:515] No info on imdb for tmdb id: 1399 : Game of Thrones Season 0 Episode 8"
"2019-10-28 22:28:00,193 [api.py:515] No info on imdb for tmdb id: 1399 : Game of Thrones Season 0 Episode 9"
"2019-10-28 22:28:00,193 [api.py:515] No info on imdb for tmdb id: 1399 : Game of Thrones Season 0 Episode 10"
"2019-10-28 22:28:00,193 [api.py:515] No info on imdb for tmdb id: 1399 : Game of Thrones Season 0 Episode 11"
"2019-10-28 22:28:00,193 [api.py:515] No info on imdb for tmdb id: 1399 : Game of Thrones Season 0 Episode 12"
"2019-10-28 22:28:00,197 [api.py:515] No info on imdb for tmdb id: 1399 : Game of Thrones Season 0 Episode 13"
"2019-10-28 22:28:00,197 [api.py:515] No info on imdb for tmdb id: 1399 : Game of Thrones Season 0 Episode 14"
"2019-10-28 22:28:00,197 [api.py:515] No info on imdb for tmdb id: 1399 : Game of Thrones Season 0 Episode 15"
"2019-10-28 22:28:00,197 [api.py:515] No info on imdb for tmdb id: 1399 : Game of Thrones Season 0 Episode 16"
"2019-10-28 22:28:00,197 [api.py:515] No info on imdb for tmdb id: 1399 : Game of Thrones Season 0 Episode 41"
"2019-10-28 22:30:55,321 [api.py:515] No info on imdb for tmdb id: 60735 : The Flash Season 0 Episode 1"
"2019-10-28 22:30:55,321 [api.py:515] No info on imdb for tmdb id: 60735 : The Flash Season 0 Episode 2"
"2019-10-28 22:30:55,321 [api.py:515] No info on imdb for tmdb id: 60735 : The Flash Season 0 Episode 3"
"2019-10-28 22:30:55,325 [api.py:515] No info on imdb for tmdb id: 60735 : The Flash Season 0 Episode 4"
"2019-10-28 22:30:55,325 [api.py:515] No info on imdb for tmdb id: 60735 : The Flash Season 0 Episode 5"
"2019-10-28 22:30:55,473 [api.py:515] No info on imdb for tmdb id: 60735 : The Flash Season 6 Episode 8"
"2019-10-28 22:30:59,334 [api.py:515] No info on imdb for tmdb id: 1399 : Game of Thrones Season 0 Episode 1"
"2019-10-28 22:30:59,334 [api.py:515] No info on imdb for tmdb id: 1399 : Game of Thrones Season 0 Episode 2"
"2019-10-28 22:30:59,334 [api.py:515] No info on imdb for tmdb id: 1399 : Game of Thrones Season 0 Episode 3"
"2019-10-28 22:30:59,334 [api.py:515] No info on imdb for tmdb id: 1399 : Game of Thrones Season 0 Episode 4"
"2019-10-28 22:30:59,338 [api.py:515] No info on imdb for tmdb id: 1399 : Game of Thrones Season 0 Episode 5"
"2019-10-28 22:30:59,338 [api.py:515] No info on imdb for tmdb id: 1399 : Game of Thrones Season 0 Episode 6"
"2019-10-28 22:30:59,338 [api.py:515] No info on imdb for tmdb id: 1399 : Game of Thrones Season 0 Episode 7"
"2019-10-28 22:30:59,338 [api.py:515] No info on imdb for tmdb id: 1399 : Game of Thrones Season 0 Episode 8"
"2019-10-28 22:30:59,342 [api.py:515] No info on imdb for tmdb id: 1399 : Game of Thrones Season 0 Episode 9"
"2019-10-28 22:30:59,342 [api.py:515] No info on imdb for tmdb id: 1399 : Game of Thrones Season 0 Episode 10"
"2019-10-28 22:30:59,342 [api.py:515] No info on imdb for tmdb id: 1399 : Game of Thrones Season 0 Episode 11"
"2019-10-28 22:30:59,342 [api.py:515] No info on imdb for tmdb id: 1399 : Game of Thrones Season 0 Episode 12"
"2019-10-28 22:30:59,346 [api.py:515] No info on imdb for tmdb id: 1399 : Game of Thrones Season 0 Episode 13"
"2019-10-28 22:30:59,346 [api.py:515] No info on imdb for tmdb id: 1399 : Game of Thrones Season 0 Episode 14"
"2019-10-28 22:30:59,346 [api.py:515] No info on imdb for tmdb id: 1399 : Game of Thrones Season 0 Episode 15"
"2019-10-28 22:30:59,346 [api.py:515] No info on imdb for tmdb id: 1399 : Game of Thrones Season 0 Episode 16"
"2019-10-28 22:30:59,350 [api.py:515] No info on imdb for tmdb id: 1399 : Game of Thrones Season 0 Episode 41"
"2019-10-28 22:33:12,800 [api.py:515] No info on imdb for tmdb id: 60735 : The Flash Season 0 Episode 1"
"2019-10-28 22:33:12,800 [api.py:515] No info on imdb for tmdb id: 60735 : The Flash Season 0 Episode 2"
"2019-10-28 22:33:12,800 [api.py:515] No info on imdb for tmdb id: 60735 : The Flash Season 0 Episode 3"
"2019-10-28 22:33:12,804 [api.py:515] No info on imdb for tmdb id: 60735 : The Flash Season 0 Episode 4"
"2019-10-28 22:33:12,804 [api.py:515] No info on imdb for tmdb id: 60735 : The Flash Season 0 Episode 5"
"2019-10-28 22:33:12,884 [api.py:515] No info on imdb for tmdb id: 60735 : The Flash Season 6 Episode 8"
"2019-10-28 22:33:13,499 [api.py:515] No info on imdb for tmdb id: 1399 : Game of Thrones Season 0 Episode 1"
"2019-10-28 22:33:13,499 [api.py:515] No info on imdb for tmdb id: 1399 : Game of Thrones Season 0 Episode 2"
"2019-10-28 22:33:13,503 [api.py:515] No info on imdb for tmdb id: 1399 : Game of Thrones Season 0 Episode 3"
"2019-10-28 22:33:13,503 [api.py:515] No info on imdb for tmdb id: 1399 : Game of Thrones Season 0 Episode 4"
"2019-10-28 22:33:13,503 [api.py:515] No info on imdb for tmdb id: 1399 : Game of Thrones Season 0 Episode 5"
"2019-10-28 22:33:13,503 [api.py:515] No info on imdb for tmdb id: 1399 : Game of Thrones Season 0 Episode 6"
"2019-10-28 22:33:13,503 [api.py:515] No info on imdb for tmdb id: 1399 : Game of Thrones Season 0 Episode 7"
"2019-10-28 22:33:13,507 [api.py:515] No info on imdb for tmdb id: 1399 : Game of Thrones Season 0 Episode 8"
"2019-10-28 22:33:13,507 [api.py:515] No info on imdb for tmdb id: 1399 : Game of Thrones Season 0 Episode 9"
"2019-10-28 22:33:13,507 [api.py:515] No info on imdb for tmdb id: 1399 : Game of Thrones Season 0 Episode 10"
"2019-10-28 22:33:13,507 [api.py:515] No info on imdb for tmdb id: 1399 : Game of Thrones Season 0 Episode 11"
"2019-10-28 22:33:13,511 [api.py:515] No info on imdb for tmdb id: 1399 : Game of Thrones Season 0 Episode 12"
"2019-10-28 22:33:13,511 [api.py:515] No info on imdb for tmdb id: 1399 : Game of Thrones Season 0 Episode 13"
"2019-10-28 22:33:13,511 [api.py:515] No info on imdb for tmdb id: 1399 : Game of Thrones Season 0 Episode 14"
"2019-10-28 22:33:13,511 [api.py:515] No info on imdb for tmdb id: 1399 : Game of Thrones Season 0 Episode 15"
"2019-10-28 22:33:13,515 [api.py:515] No info on imdb for tmdb id: 1399 : Game of Thrones Season 0 Episode 16"
"2019-10-28 22:33:13,515 [api.py:515] No info on imdb for tmdb id: 1399 : Game of Thrones Season 0 Episode 41"
"2019-10-28 22:40:54,698 [api.py:515] No info on imdb for tmdb id: 1399 : Game of Thrones Season 0 Episode 1"
"2019-10-28 22:40:54,702 [api.py:515] No info on imdb for tmdb id: 1399 : Game of Thrones Season 0 Episode 2"
"2019-10-28 22:40:54,702 [api.py:515] No info on imdb for tmdb id: 1399 : Game of Thrones Season 0 Episode 3"
"2019-10-28 22:40:54,706 [api.py:515] No info on imdb for tmdb id: 1399 : Game of Thrones Season 0 Episode 4"
"2019-10-28 22:40:54,706 [api.py:515] No info on imdb for tmdb id: 1399 : Game of Thrones Season 0 Episode 5"
"2019-10-28 22:40:54,706 [api.py:515] No info on imdb for tmdb id: 1399 : Game of Thrones Season 0 Episode 6"
"2019-10-28 22:40:54,706 [api.py:515] No info on imdb for tmdb id: 1399 : Game of Thrones Season 0 Episode 7"
"2019-10-28 22:40:54,710 [api.py:515] No info on imdb for tmdb id: 1399 : Game of Thrones Season 0 Episode 8"
"2019-10-28 22:40:54,710 [api.py:515] No info on imdb for tmdb id: 1399 : Game of Thrones Season 0 Episode 9"
"2019-10-28 22:40:54,710 [api.py:515] No info on imdb for tmdb id: 1399 : Game of Thrones Season 0 Episode 10"
"2019-10-28 22:40:54,714 [api.py:515] No info on imdb for tmdb id: 1399 : Game of Thrones Season 0 Episode 11"
"2019-10-28 22:40:54,714 [api.py:515] No info on imdb for tmdb id: 1399 : Game of Thrones Season 0 Episode 12"
"2019-10-28 22:40:54,714 [api.py:515] No info on imdb for tmdb id: 1399 : Game of Thrones Season 0 Episode 13"
"2019-10-28 22:40:54,718 [api.py:515] No info on imdb for tmdb id: 1399 : Game of Thrones Season 0 Episode 14"
"2019-10-28 22:40:54,718 [api.py:515] No info on imdb for tmdb id: 1399 : Game of Thrones Season 0 Episode 15"
"2019-10-28 22:40:54,718 [api.py:515] No info on imdb for tmdb id: 1399 : Game of Thrones Season 0 Episode 16"
"2019-10-28 22:40:54,722 [api.py:515] No info on imdb for tmdb id: 1399 : Game of Thrones Season 0 Episode 41"
"2019-10-28 22:40:55,672 [api.py:515] No info on imdb for tmdb id: 60735 : The Flash Season 0 Episode 1"
"2019-10-28 22:40:55,672 [api.py:515] No info on imdb for tmdb id: 60735 : The Flash Season 0 Episode 2"
"2019-10-28 22:40:55,672 [api.py:515] No info on imdb for tmdb id: 60735 : The Flash Season 0 Episode 3"
"2019-10-28 22:40:55,676 [api.py:515] No info on imdb for tmdb id: 60735 : The Flash Season 0 Episode 4"
"2019-10-28 22:40:55,676 [api.py:515] No info on imdb for tmdb id: 60735 : The Flash Season 0 Episode 5"
"2019-10-28 22:40:55,756 [api.py:515] No info on imdb for tmdb id: 60735 : The Flash Season 6 Episode 8"
"2019-10-28 23:32:07,364 [api.py:515] No info on imdb for tmdb id: 60735 : The Flash Season 0 Episode 1"
"2019-10-28 23:32:07,364 [api.py:515] No info on imdb for tmdb id: 60735 : The Flash Season 0 Episode 2"
"2019-10-28 23:32:07,364 [api.py:515] No info on imdb for tmdb id: 60735 : The Flash Season 0 Episode 3"
"2019-10-28 23:32:07,364 [api.py:515] No info on imdb for tmdb id: 60735 : The Flash Season 0 Episode 4"
"2019-10-28 23:32:07,364 [api.py:515] No info on imdb for tmdb id: 60735 : The Flash Season 0 Episode 5"
"2019-10-28 23:32:07,452 [api.py:515] No info on imdb for tmdb id: 60735 : The Flash Season 6 Episode 8"
"2019-10-28 23:32:15,061 [api.py:515] No info on imdb for tmdb id: 1399 : Game of Thrones Season 0 Episode 1"
"2019-10-28 23:32:15,061 [api.py:515] No info on imdb for tmdb id: 1399 : Game of Thrones Season 0 Episode 2"
"2019-10-28 23:32:15,061 [api.py:515] No info on imdb for tmdb id: 1399 : Game of Thrones Season 0 Episode 3"
"2019-10-28 23:32:15,061 [api.py:515] No info on imdb for tmdb id: 1399 : Game of Thrones Season 0 Episode 4"
"2019-10-28 23:32:15,061 [api.py:515] No info on imdb for tmdb id: 1399 : Game of Thrones Season 0 Episode 5"
"2019-10-28 23:32:15,066 [api.py:515] No info on imdb for tmdb id: 1399 : Game of Thrones Season 0 Episode 6"
"2019-10-28 23:32:15,066 [api.py:515] No info on imdb for tmdb id: 1399 : Game of Thrones Season 0 Episode 7"
"2019-10-28 23:32:15,066 [api.py:515] No info on imdb for tmdb id: 1399 : Game of Thrones Season 0 Episode 8"
"2019-10-28 23:32:15,066 [api.py:515] No info on imdb for tmdb id: 1399 : Game of Thrones Season 0 Episode 9"
"2019-10-28 23:32:15,066 [api.py:515] No info on imdb for tmdb id: 1399 : Game of Thrones Season 0 Episode 10"
"2019-10-28 23:32:15,066 [api.py:515] No info on imdb for tmdb id: 1399 : Game of Thrones Season 0 Episode 11"
"2019-10-28 23:32:15,070 [api.py:515] No info on imdb for tmdb id: 1399 : Game of Thrones Season 0 Episode 12"
"2019-10-28 23:32:15,070 [api.py:515] No info on imdb for tmdb id: 1399 : Game of Thrones Season 0 Episode 13"
"2019-10-28 23:32:15,070 [api.py:515] No info on imdb for tmdb id: 1399 : Game of Thrones Season 0 Episode 14"
"2019-10-28 23:32:15,070 [api.py:515] No info on imdb for tmdb id: 1399 : Game of Thrones Season 0 Episode 15"
"2019-10-28 23:32:15,070 [api.py:515] No info on imdb for tmdb id: 1399 : Game of Thrones Season 0 Episode 16"
"2019-10-28 23:32:15,074 [api.py:515] No info on imdb for tmdb id: 1399 : Game of Thrones Season 0 Episode 41"
"2019-10-29 00:38:17,788 [api.py:515] No info on imdb for tmdb id: 60735 : The Flash Season 0 Episode 1"
"2019-10-29 00:38:17,792 [api.py:515] No info on imdb for tmdb id: 60735 : The Flash Season 0 Episode 2"
"2019-10-29 00:38:17,794 [api.py:515] No info on imdb for tmdb id: 60735 : The Flash Season 0 Episode 3"
"2019-10-29 00:38:17,795 [api.py:515] No info on imdb for tmdb id: 60735 : The Flash Season 0 Episode 4"
"2019-10-29 00:38:17,797 [api.py:515] No info on imdb for tmdb id: 60735 : The Flash Season 0 Episode 5"
"2019-10-29 00:38:18,061 [api.py:515] No info on imdb for tmdb id: 60735 : The Flash Season 6 Episode 8"
"2019-10-29 00:38:19,831 [api.py:515] No info on imdb for tmdb id: 1399 : Game of Thrones Season 0 Episode 1"
"2019-10-29 00:38:19,832 [api.py:515] No info on imdb for tmdb id: 1399 : Game of Thrones Season 0 Episode 2"
"2019-10-29 00:38:19,832 [api.py:515] No info on imdb for tmdb id: 1399 : Game of Thrones Season 0 Episode 3"
"2019-10-29 00:38:19,833 [api.py:515] No info on imdb for tmdb id: 1399 : Game of Thrones Season 0 Episode 4"
"2019-10-29 00:38:19,834 [api.py:515] No info on imdb for tmdb id: 1399 : Game of Thrones Season 0 Episode 5"
"2019-10-29 00:38:19,835 [api.py:515] No info on imdb for tmdb id: 1399 : Game of Thrones Season 0 Episode 6"
"2019-10-29 00:38:19,835 [api.py:515] No info on imdb for tmdb id: 1399 : Game of Thrones Season 0 Episode 7"
"2019-10-29 00:38:19,836 [api.py:515] No info on imdb for tmdb id: 1399 : Game of Thrones Season 0 Episode 8"
"2019-10-29 00:38:19,836 [api.py:515] No info on imdb for tmdb id: 1399 : Game of Thrones Season 0 Episode 9"
"2019-10-29 00:38:19,837 [api.py:515] No info on imdb for tmdb id: 1399 : Game of Thrones Season 0 Episode 10"
"2019-10-29 00:38:19,838 [api.py:515] No info on imdb for tmdb id: 1399 : Game of Thrones Season 0 Episode 11"
"2019-10-29 00:38:19,838 [api.py:515] No info on imdb for tmdb id: 1399 : Game of Thrones Season 0 Episode 12"
"2019-10-29 00:38:19,839 [api.py:515] No info on imdb for tmdb id: 1399 : Game of Thrones Season 0 Episode 13"
"2019-10-29 00:38:19,839 [api.py:515] No info on imdb for tmdb id: 1399 : Game of Thrones Season 0 Episode 14"
"2019-10-29 00:38:19,840 [api.py:515] No info on imdb for tmdb id: 1399 : Game of Thrones Season 0 Episode 15"
"2019-10-29 00:38:19,841 [api.py:515] No info on imdb for tmdb id: 1399 : Game of Thrones Season 0 Episode 16"
"2019-10-29 00:38:19,841 [api.py:515] No info on imdb for tmdb id: 1399 : Game of Thrones Season 0 Episode 41"
"2019-10-29 00:46:48,492 [<string>:1] jj"
"2019-10-29 00:46:49,025 [<string>:1] jj"
"2019-10-29 00:46:49,390 [<string>:1] jj"
"2019-10-29 00:46:49,702 [<string>:1] jj"
"2019-10-29 00:46:50,176 [<string>:1] jj"
"2019-10-29 00:46:50,654 [<string>:1] jj"
"2019-10-29 00:46:51,193 [<string>:1] jj"
"2019-10-29 00:51:06,712 [api.py:515] No info on imdb for tmdb id: 60735 : The Flash Season 0 Episode 1"
"2019-10-29 00:51:06,713 [api.py:515] No info on imdb for tmdb id: 60735 : The Flash Season 0 Episode 2"
"2019-10-29 00:51:06,714 [api.py:515] No info on imdb for tmdb id: 60735 : The Flash Season 0 Episode 3"
"2019-10-29 00:51:06,714 [api.py:515] No info on imdb for tmdb id: 60735 : The Flash Season 0 Episode 4"
"2019-10-29 00:51:06,715 [api.py:515] No info on imdb for tmdb id: 60735 : The Flash Season 0 Episode 5"
"2019-10-29 00:51:06,826 [api.py:515] No info on imdb for tmdb id: 60735 : The Flash Season 6 Episode 8"
"2019-10-29 00:51:08,614 [api.py:515] No info on imdb for tmdb id: 1399 : Game of Thrones Season 0 Episode 1"
"2019-10-29 00:51:08,614 [api.py:515] No info on imdb for tmdb id: 1399 : Game of Thrones Season 0 Episode 2"
"2019-10-29 00:51:08,615 [api.py:515] No info on imdb for tmdb id: 1399 : Game of Thrones Season 0 Episode 3"
"2019-10-29 00:51:08,616 [api.py:515] No info on imdb for tmdb id: 1399 : Game of Thrones Season 0 Episode 4"
"2019-10-29 00:51:08,617 [api.py:515] No info on imdb for tmdb id: 1399 : Game of Thrones Season 0 Episode 5"
"2019-10-29 00:51:08,617 [api.py:515] No info on imdb for tmdb id: 1399 : Game of Thrones Season 0 Episode 6"
"2019-10-29 00:51:08,618 [api.py:515] No info on imdb for tmdb id: 1399 : Game of Thrones Season 0 Episode 7"
"2019-10-29 00:51:08,618 [api.py:515] No info on imdb for tmdb id: 1399 : Game of Thrones Season 0 Episode 8"
"2019-10-29 00:51:08,619 [api.py:515] No info on imdb for tmdb id: 1399 : Game of Thrones Season 0 Episode 9"
"2019-10-29 00:51:08,620 [api.py:515] No info on imdb for tmdb id: 1399 : Game of Thrones Season 0 Episode 10"
"2019-10-29 00:51:08,621 [api.py:515] No info on imdb for tmdb id: 1399 : Game of Thrones Season 0 Episode 11"
"2019-10-29 00:51:08,621 [api.py:515] No info on imdb for tmdb id: 1399 : Game of Thrones Season 0 Episode 12"
"2019-10-29 00:51:08,622 [api.py:515] No info on imdb for tmdb id: 1399 : Game of Thrones Season 0 Episode 13"
"2019-10-29 00:51:08,622 [api.py:515] No info on imdb for tmdb id: 1399 : Game of Thrones Season 0 Episode 14"
"2019-10-29 00:51:08,623 [api.py:515] No info on imdb for tmdb id: 1399 : Game of Thrones Season 0 Episode 15"
"2019-10-29 00:51:08,624 [api.py:515] No info on imdb for tmdb id: 1399 : Game of Thrones Season 0 Episode 16"
"2019-10-29 00:51:08,625 [api.py:515] No info on imdb for tmdb id: 1399 : Game of Thrones Season 0 Episode 41"
"2019-10-29 00:59:52,942 [api.py:515] No info on imdb for tmdb id: 60735 : The Flash Season 0 Episode 1"
"2019-10-29 00:59:52,943 [api.py:515] No info on imdb for tmdb id: 60735 : The Flash Season 0 Episode 2"
"2019-10-29 00:59:52,943 [api.py:515] No info on imdb for tmdb id: 60735 : The Flash Season 0 Episode 3"
"2019-10-29 00:59:52,944 [api.py:515] No info on imdb for tmdb id: 60735 : The Flash Season 0 Episode 4"
"2019-10-29 00:59:52,944 [api.py:515] No info on imdb for tmdb id: 60735 : The Flash Season 0 Episode 5"
"2019-10-29 00:59:53,052 [api.py:515] No info on imdb for tmdb id: 60735 : The Flash Season 6 Episode 8"
"2019-10-29 00:59:56,670 [api.py:515] No info on imdb for tmdb id: 1399 : Game of Thrones Season 0 Episode 1"
"2019-10-29 00:59:56,670 [api.py:515] No info on imdb for tmdb id: 1399 : Game of Thrones Season 0 Episode 2"
"2019-10-29 00:59:56,671 [api.py:515] No info on imdb for tmdb id: 1399 : Game of Thrones Season 0 Episode 3"
"2019-10-29 00:59:56,671 [api.py:515] No info on imdb for tmdb id: 1399 : Game of Thrones Season 0 Episode 4"
"2019-10-29 00:59:56,672 [api.py:515] No info on imdb for tmdb id: 1399 : Game of Thrones Season 0 Episode 5"
"2019-10-29 00:59:56,672 [api.py:515] No info on imdb for tmdb id: 1399 : Game of Thrones Season 0 Episode 6"
"2019-10-29 00:59:56,673 [api.py:515] No info on imdb for tmdb id: 1399 : Game of Thrones Season 0 Episode 7"
"2019-10-29 00:59:56,673 [api.py:515] No info on imdb for tmdb id: 1399 : Game of Thrones Season 0 Episode 8"
"2019-10-29 00:59:56,674 [api.py:515] No info on imdb for tmdb id: 1399 : Game of Thrones Season 0 Episode 9"
"2019-10-29 00:59:56,674 [api.py:515] No info on imdb for tmdb id: 1399 : Game of Thrones Season 0 Episode 10"
"2019-10-29 00:59:56,675 [api.py:515] No info on imdb for tmdb id: 1399 : Game of Thrones Season 0 Episode 11"
"2019-10-29 00:59:56,676 [api.py:515] No info on imdb for tmdb id: 1399 : Game of Thrones Season 0 Episode 12"
"2019-10-29 00:59:56,676 [api.py:515] No info on imdb for tmdb id: 1399 : Game of Thrones Season 0 Episode 13"
"2019-10-29 00:59:56,677 [api.py:515] No info on imdb for tmdb id: 1399 : Game of Thrones Season 0 Episode 14"
"2019-10-29 00:59:56,677 [api.py:515] No info on imdb for tmdb id: 1399 : Game of Thrones Season 0 Episode 15"
"2019-10-29 00:59:56,678 [api.py:515] No info on imdb for tmdb id: 1399 : Game of Thrones Season 0 Episode 16"
"2019-10-29 00:59:56,678 [api.py:515] No info on imdb for tmdb id: 1399 : Game of Thrones Season 0 Episode 41"
"2019-10-29 01:03:23,825 [api.py:515] No info on imdb for tmdb id: 60735 : The Flash Season 0 Episode 1"
"2019-10-29 01:03:23,826 [api.py:515] No info on imdb for tmdb id: 60735 : The Flash Season 0 Episode 2"
"2019-10-29 01:03:23,827 [api.py:515] No info on imdb for tmdb id: 60735 : The Flash Season 0 Episode 3"
"2019-10-29 01:03:23,828 [api.py:515] No info on imdb for tmdb id: 60735 : The Flash Season 0 Episode 4"
"2019-10-29 01:03:23,828 [api.py:515] No info on imdb for tmdb id: 60735 : The Flash Season 0 Episode 5"
"2019-10-29 01:03:23,948 [api.py:515] No info on imdb for tmdb id: 60735 : The Flash Season 6 Episode 8"
"2019-10-29 01:03:27,784 [api.py:515] No info on imdb for tmdb id: 1399 : Game of Thrones Season 0 Episode 1"
"2019-10-29 01:03:27,785 [api.py:515] No info on imdb for tmdb id: 1399 : Game of Thrones Season 0 Episode 2"
"2019-10-29 01:03:27,785 [api.py:515] No info on imdb for tmdb id: 1399 : Game of Thrones Season 0 Episode 3"
"2019-10-29 01:03:27,786 [api.py:515] No info on imdb for tmdb id: 1399 : Game of Thrones Season 0 Episode 4"
"2019-10-29 01:03:27,787 [api.py:515] No info on imdb for tmdb id: 1399 : Game of Thrones Season 0 Episode 5"
"2019-10-29 01:03:27,787 [api.py:515] No info on imdb for tmdb id: 1399 : Game of Thrones Season 0 Episode 6"
"2019-10-29 01:03:27,788 [api.py:515] No info on imdb for tmdb id: 1399 : Game of Thrones Season 0 Episode 7"
"2019-10-29 01:03:27,789 [api.py:515] No info on imdb for tmdb id: 1399 : Game of Thrones Season 0 Episode 8"
"2019-10-29 01:03:27,789 [api.py:515] No info on imdb for tmdb id: 1399 : Game of Thrones Season 0 Episode 9"
"2019-10-29 01:03:27,790 [api.py:515] No info on imdb for tmdb id: 1399 : Game of Thrones Season 0 Episode 10"
"2019-10-29 01:03:27,791 [api.py:515] No info on imdb for tmdb id: 1399 : Game of Thrones Season 0 Episode 11"
"2019-10-29 01:03:27,791 [api.py:515] No info on imdb for tmdb id: 1399 : Game of Thrones Season 0 Episode 12"
"2019-10-29 01:03:27,792 [api.py:515] No info on imdb for tmdb id: 1399 : Game of Thrones Season 0 Episode 13"
"2019-10-29 01:03:27,801 [api.py:515] No info on imdb for tmdb id: 1399 : Game of Thrones Season 0 Episode 14"
"2019-10-29 01:03:27,802 [api.py:515] No info on imdb for tmdb id: 1399 : Game of Thrones Season 0 Episode 15"
"2019-10-29 01:03:27,803 [api.py:515] No info on imdb for tmdb id: 1399 : Game of Thrones Season 0 Episode 16"
"2019-10-29 01:03:27,804 [api.py:515] No info on imdb for tmdb id: 1399 : Game of Thrones Season 0 Episode 41"
"2019-10-29 01:35:48,785 [api.py:515] No info on imdb for tmdb id: 60735 : The Flash Season 0 Episode 1"
"2019-10-29 01:35:48,789 [api.py:515] No info on imdb for tmdb id: 60735 : The Flash Season 0 Episode 2"
"2019-10-29 01:35:48,791 [api.py:515] No info on imdb for tmdb id: 60735 : The Flash Season 0 Episode 3"
"2019-10-29 01:35:48,791 [api.py:515] No info on imdb for tmdb id: 60735 : The Flash Season 0 Episode 4"
"2019-10-29 01:35:48,792 [api.py:515] No info on imdb for tmdb id: 60735 : The Flash Season 0 Episode 5"
"2019-10-29 01:35:48,905 [api.py:515] No info on imdb for tmdb id: 60735 : The Flash Season 6 Episode 8"
"2019-10-29 01:35:49,920 [api.py:515] No info on imdb for tmdb id: 1399 : Game of Thrones Season 0 Episode 1"
"2019-10-29 01:35:49,921 [api.py:515] No info on imdb for tmdb id: 1399 : Game of Thrones Season 0 Episode 2"
"2019-10-29 01:35:49,921 [api.py:515] No info on imdb for tmdb id: 1399 : Game of Thrones Season 0 Episode 3"
"2019-10-29 01:35:49,922 [api.py:515] No info on imdb for tmdb id: 1399 : Game of Thrones Season 0 Episode 4"
"2019-10-29 01:35:49,922 [api.py:515] No info on imdb for tmdb id: 1399 : Game of Thrones Season 0 Episode 5"
"2019-10-29 01:35:49,923 [api.py:515] No info on imdb for tmdb id: 1399 : Game of Thrones Season 0 Episode 6"
"2019-10-29 01:35:49,923 [api.py:515] No info on imdb for tmdb id: 1399 : Game of Thrones Season 0 Episode 7"
"2019-10-29 01:35:49,924 [api.py:515] No info on imdb for tmdb id: 1399 : Game of Thrones Season 0 Episode 8"
"2019-10-29 01:35:49,925 [api.py:515] No info on imdb for tmdb id: 1399 : Game of Thrones Season 0 Episode 9"
"2019-10-29 01:35:49,925 [api.py:515] No info on imdb for tmdb id: 1399 : Game of Thrones Season 0 Episode 10"
"2019-10-29 01:35:49,926 [api.py:515] No info on imdb for tmdb id: 1399 : Game of Thrones Season 0 Episode 11"
"2019-10-29 01:35:49,927 [api.py:515] No info on imdb for tmdb id: 1399 : Game of Thrones Season 0 Episode 12"
"2019-10-29 01:35:49,927 [api.py:515] No info on imdb for tmdb id: 1399 : Game of Thrones Season 0 Episode 13"
"2019-10-29 01:35:49,928 [api.py:515] No info on imdb for tmdb id: 1399 : Game of Thrones Season 0 Episode 14"
"2019-10-29 01:35:49,930 [api.py:515] No info on imdb for tmdb id: 1399 : Game of Thrones Season 0 Episode 15"
"2019-10-29 01:35:49,930 [api.py:515] No info on imdb for tmdb id: 1399 : Game of Thrones Season 0 Episode 16"
"2019-10-29 01:35:49,932 [api.py:515] No info on imdb for tmdb id: 1399 : Game of Thrones Season 0 Episode 41"
"2019-10-29 05:28:33,529 [api.py:515] No info on imdb for tmdb id: 60735 : The Flash Season 0 Episode 1"
"2019-10-29 05:28:33,530 [api.py:515] No info on imdb for tmdb id: 60735 : The Flash Season 0 Episode 2"
"2019-10-29 05:28:33,531 [api.py:515] No info on imdb for tmdb id: 60735 : The Flash Season 0 Episode 3"
"2019-10-29 05:28:33,532 [api.py:515] No info on imdb for tmdb id: 60735 : The Flash Season 0 Episode 4"
"2019-10-29 05:28:33,533 [api.py:515] No info on imdb for tmdb id: 60735 : The Flash Season 0 Episode 5"
"2019-10-29 05:28:33,614 [api.py:515] No info on imdb for tmdb id: 60735 : The Flash Season 6 Episode 8"
"2019-10-29 05:28:39,372 [api.py:515] No info on imdb for tmdb id: 1399 : Game of Thrones Season 0 Episode 1"
"2019-10-29 05:28:39,373 [api.py:515] No info on imdb for tmdb id: 1399 : Game of Thrones Season 0 Episode 2"
"2019-10-29 05:28:39,374 [api.py:515] No info on imdb for tmdb id: 1399 : Game of Thrones Season 0 Episode 3"
"2019-10-29 05:28:39,375 [api.py:515] No info on imdb for tmdb id: 1399 : Game of Thrones Season 0 Episode 4"
"2019-10-29 05:28:39,375 [api.py:515] No info on imdb for tmdb id: 1399 : Game of Thrones Season 0 Episode 5"
"2019-10-29 05:28:39,376 [api.py:515] No info on imdb for tmdb id: 1399 : Game of Thrones Season 0 Episode 6"
"2019-10-29 05:28:39,377 [api.py:515] No info on imdb for tmdb id: 1399 : Game of Thrones Season 0 Episode 7"
"2019-10-29 05:28:39,377 [api.py:515] No info on imdb for tmdb id: 1399 : Game of Thrones Season 0 Episode 8"
"2019-10-29 05:28:39,378 [api.py:515] No info on imdb for tmdb id: 1399 : Game of Thrones Season 0 Episode 9"
"2019-10-29 05:28:39,380 [api.py:515] No info on imdb for tmdb id: 1399 : Game of Thrones Season 0 Episode 10"
"2019-10-29 05:28:39,380 [api.py:515] No info on imdb for tmdb id: 1399 : Game of Thrones Season 0 Episode 11"
"2019-10-29 05:28:39,381 [api.py:515] No info on imdb for tmdb id: 1399 : Game of Thrones Season 0 Episode 12"
"2019-10-29 05:28:39,382 [api.py:515] No info on imdb for tmdb id: 1399 : Game of Thrones Season 0 Episode 13"
"2019-10-29 05:28:39,383 [api.py:515] No info on imdb for tmdb id: 1399 : Game of Thrones Season 0 Episode 14"
"2019-10-29 05:28:39,384 [api.py:515] No info on imdb for tmdb id: 1399 : Game of Thrones Season 0 Episode 15"
"2019-10-29 05:28:39,384 [api.py:515] No info on imdb for tmdb id: 1399 : Game of Thrones Season 0 Episode 16"
"2019-10-29 05:28:39,385 [api.py:515] No info on imdb for tmdb id: 1399 : Game of Thrones Season 0 Episode 41"
"2019-10-29 05:32:45,423 [api.py:515] No info on imdb for tmdb id: 60735 : The Flash Season 0 Episode 1"
"2019-10-29 05:33:36,455 [api.py:515] No info on imdb for tmdb id: 60735 : The Flash Season 0 Episode 2"
"2019-10-29 05:33:43,577 [api.py:515] No info on imdb for tmdb id: 60735 : The Flash Season 0 Episode 3"
"2019-10-29 05:33:55,764 [api.py:515] No info on imdb for tmdb id: 60735 : The Flash Season 0 Episode 4"
"2019-10-29 05:34:31,465 [api.py:515] No info on imdb for tmdb id: 60735 : The Flash Season 0 Episode 5"
"2019-10-29 11:19:53,992 [api.py:515] No info on imdb for tmdb id: 60735 : The Flash Season 6 Episode 8"
"2019-10-29 11:20:08,771 [api.py:515] No info on imdb for tmdb id: 1399 : Game of Thrones Season 0 Episode 1"
"2019-10-29 11:20:22,112 [api.py:515] No info on imdb for tmdb id: 1399 : Game of Thrones Season 0 Episode 2"
"2019-10-29 11:20:23,297 [api.py:515] No info on imdb for tmdb id: 1399 : Game of Thrones Season 0 Episode 3"
"2019-10-29 11:20:24,129 [api.py:515] No info on imdb for tmdb id: 1399 : Game of Thrones Season 0 Episode 4"
"2019-10-29 11:20:25,297 [api.py:515] No info on imdb for tmdb id: 1399 : Game of Thrones Season 0 Episode 5"
"2019-10-29 11:20:30,286 [api.py:515] No info on imdb for tmdb id: 1399 : Game of Thrones Season 0 Episode 6"
"2019-10-29 11:20:31,151 [api.py:515] No info on imdb for tmdb id: 1399 : Game of Thrones Season 0 Episode 7"
"2019-10-29 11:20:31,747 [api.py:515] No info on imdb for tmdb id: 1399 : Game of Thrones Season 0 Episode 8"
"2019-10-29 11:20:32,422 [api.py:515] No info on imdb for tmdb id: 1399 : Game of Thrones Season 0 Episode 9"
"2019-10-29 11:20:32,845 [api.py:515] No info on imdb for tmdb id: 1399 : Game of Thrones Season 0 Episode 10"
"2019-10-29 11:20:33,375 [api.py:515] No info on imdb for tmdb id: 1399 : Game of Thrones Season 0 Episode 11"
"2019-10-29 11:20:33,984 [api.py:515] No info on imdb for tmdb id: 1399 : Game of Thrones Season 0 Episode 12"
"2019-10-29 11:20:34,898 [api.py:515] No info on imdb for tmdb id: 1399 : Game of Thrones Season 0 Episode 13"
"2019-10-29 11:20:37,284 [api.py:515] No info on imdb for tmdb id: 1399 : Game of Thrones Season 0 Episode 14"
"2019-10-29 11:21:35,424 [api.py:515] No info on imdb for tmdb id: 1399 : Game of Thrones Season 0 Episode 15"
"2019-10-29 11:21:40,155 [api.py:515] No info on imdb for tmdb id: 1399 : Game of Thrones Season 0 Episode 16"
"2019-10-29 11:21:42,403 [api.py:515] No info on imdb for tmdb id: 1399 : Game of Thrones Season 0 Episode 41"
"2019-10-29 18:00:55,613 [api.py:575] No info on imdb for tmdb id: 60735 : The Flash Season 0 Episode 1"
"2019-10-29 18:00:55,616 [api.py:575] No info on imdb for tmdb id: 60735 : The Flash Season 0 Episode 2"
"2019-10-29 18:00:55,616 [api.py:575] No info on imdb for tmdb id: 60735 : The Flash Season 0 Episode 3"
"2019-10-29 18:00:55,616 [api.py:575] No info on imdb for tmdb id: 60735 : The Flash Season 0 Episode 4"
"2019-10-29 18:00:55,616 [api.py:575] No info on imdb for tmdb id: 60735 : The Flash Season 0 Episode 5"
"2019-10-29 18:00:55,651 [api.py:575] No info on imdb for tmdb id: 60735 : The Flash Season 6 Episode 8"
"2019-10-29 18:00:58,875 [api.py:575] No info on imdb for tmdb id: 1399 : Game of Thrones Season 0 Episode 1"
"2019-10-29 18:00:58,875 [api.py:575] No info on imdb for tmdb id: 1399 : Game of Thrones Season 0 Episode 2"
"2019-10-29 18:00:58,875 [api.py:575] No info on imdb for tmdb id: 1399 : Game of Thrones Season 0 Episode 3"
"2019-10-29 18:00:58,875 [api.py:575] No info on imdb for tmdb id: 1399 : Game of Thrones Season 0 Episode 4"
"2019-10-29 18:00:58,875 [api.py:575] No info on imdb for tmdb id: 1399 : Game of Thrones Season 0 Episode 5"
"2019-10-29 18:00:58,876 [api.py:575] No info on imdb for tmdb id: 1399 : Game of Thrones Season 0 Episode 6"
"2019-10-29 18:00:58,876 [api.py:575] No info on imdb for tmdb id: 1399 : Game of Thrones Season 0 Episode 7"
"2019-10-29 18:00:58,876 [api.py:575] No info on imdb for tmdb id: 1399 : Game of Thrones Season 0 Episode 8"
"2019-10-29 18:00:58,876 [api.py:575] No info on imdb for tmdb id: 1399 : Game of Thrones Season 0 Episode 9"
"2019-10-29 18:00:58,876 [api.py:575] No info on imdb for tmdb id: 1399 : Game of Thrones Season 0 Episode 10"
"2019-10-29 18:00:58,876 [api.py:575] No info on imdb for tmdb id: 1399 : Game of Thrones Season 0 Episode 11"
"2019-10-29 18:00:58,877 [api.py:575] No info on imdb for tmdb id: 1399 : Game of Thrones Season 0 Episode 12"
"2019-10-29 18:00:58,877 [api.py:575] No info on imdb for tmdb id: 1399 : Game of Thrones Season 0 Episode 13"
"2019-10-29 18:00:58,877 [api.py:575] No info on imdb for tmdb id: 1399 : Game of Thrones Season 0 Episode 14"
"2019-10-29 18:00:58,877 [api.py:575] No info on imdb for tmdb id: 1399 : Game of Thrones Season 0 Episode 15"
"2019-10-29 18:00:58,877 [api.py:575] No info on imdb for tmdb id: 1399 : Game of Thrones Season 0 Episode 16"
"2019-10-29 18:00:58,877 [api.py:575] No info on imdb for tmdb id: 1399 : Game of Thrones Season 0 Episode 41"
"2019-10-29 19:11:00,867 [api.py:575] No info on imdb for tmdb id: 60735 : The Flash Season 0 Episode 1"
"2019-10-29 19:11:09,704 [api.py:575] No info on imdb for tmdb id: 60735 : The Flash Season 0 Episode 2"
"2019-10-29 19:11:09,704 [api.py:575] No info on imdb for tmdb id: 60735 : The Flash Season 0 Episode 3"
"2019-10-29 19:11:09,708 [api.py:575] No info on imdb for tmdb id: 60735 : The Flash Season 0 Episode 4"
"2019-10-29 19:11:09,712 [api.py:575] No info on imdb for tmdb id: 60735 : The Flash Season 0 Episode 5"
"2019-10-29 19:11:09,829 [api.py:575] No info on imdb for tmdb id: 60735 : The Flash Season 6 Episode 8"
"2019-10-29 19:11:13,313 [api.py:575] No info on imdb for tmdb id: 1399 : Game of Thrones Season 0 Episode 1"
"2019-10-29 19:11:13,313 [api.py:575] No info on imdb for tmdb id: 1399 : Game of Thrones Season 0 Episode 2"
"2019-10-29 19:11:13,313 [api.py:575] No info on imdb for tmdb id: 1399 : Game of Thrones Season 0 Episode 3"
"2019-10-29 19:11:13,313 [api.py:575] No info on imdb for tmdb id: 1399 : Game of Thrones Season 0 Episode 4"
"2019-10-29 19:11:13,317 [api.py:575] No info on imdb for tmdb id: 1399 : Game of Thrones Season 0 Episode 5"
"2019-10-29 19:11:13,317 [api.py:575] No info on imdb for tmdb id: 1399 : Game of Thrones Season 0 Episode 6"
"2019-10-29 19:11:13,317 [api.py:575] No info on imdb for tmdb id: 1399 : Game of Thrones Season 0 Episode 7"
"2019-10-29 19:11:13,317 [api.py:575] No info on imdb for tmdb id: 1399 : Game of Thrones Season 0 Episode 8"
"2019-10-29 19:11:13,321 [api.py:575] No info on imdb for tmdb id: 1399 : Game of Thrones Season 0 Episode 9"
"2019-10-29 19:11:13,321 [api.py:575] No info on imdb for tmdb id: 1399 : Game of Thrones Season 0 Episode 10"
"2019-10-29 19:11:13,321 [api.py:575] No info on imdb for tmdb id: 1399 : Game of Thrones Season 0 Episode 11"
"2019-10-29 19:11:13,321 [api.py:575] No info on imdb for tmdb id: 1399 : Game of Thrones Season 0 Episode 12"
"2019-10-29 19:11:13,325 [api.py:575] No info on imdb for tmdb id: 1399 : Game of Thrones Season 0 Episode 13"
"2019-10-29 19:11:13,325 [api.py:575] No info on imdb for tmdb id: 1399 : Game of Thrones Season 0 Episode 14"
"2019-10-29 19:11:13,325 [api.py:575] No info on imdb for tmdb id: 1399 : Game of Thrones Season 0 Episode 15"
"2019-10-29 19:11:13,325 [api.py:575] No info on imdb for tmdb id: 1399 : Game of Thrones Season 0 Episode 16"
"2019-10-29 19:11:13,325 [api.py:575] No info on imdb for tmdb id: 1399 : Game of Thrones Season 0 Episode 41"
"2019-10-29 19:14:05,283 [api.py:575] No info on imdb for tmdb id: 60735 : The Flash Season 0 Episode 1"
"2019-10-29 19:14:05,284 [api.py:575] No info on imdb for tmdb id: 60735 : The Flash Season 0 Episode 2"
"2019-10-29 19:14:05,285 [api.py:575] No info on imdb for tmdb id: 60735 : The Flash Season 0 Episode 3"
"2019-10-29 19:14:05,286 [api.py:575] No info on imdb for tmdb id: 60735 : The Flash Season 0 Episode 4"
"2019-10-29 19:14:05,287 [api.py:575] No info on imdb for tmdb id: 60735 : The Flash Season 0 Episode 5"
"2019-10-29 19:14:05,377 [api.py:575] No info on imdb for tmdb id: 60735 : The Flash Season 6 Episode 8"
"2019-10-29 19:14:08,533 [api.py:575] No info on imdb for tmdb id: 1399 : Game of Thrones Season 0 Episode 1"
"2019-10-29 19:14:08,535 [api.py:575] No info on imdb for tmdb id: 1399 : Game of Thrones Season 0 Episode 2"
"2019-10-29 19:14:08,536 [api.py:575] No info on imdb for tmdb id: 1399 : Game of Thrones Season 0 Episode 3"
"2019-10-29 19:14:08,537 [api.py:575] No info on imdb for tmdb id: 1399 : Game of Thrones Season 0 Episode 4"
"2019-10-29 19:14:08,539 [api.py:575] No info on imdb for tmdb id: 1399 : Game of Thrones Season 0 Episode 5"
"2019-10-29 19:14:08,541 [api.py:575] No info on imdb for tmdb id: 1399 : Game of Thrones Season 0 Episode 6"
"2019-10-29 19:14:08,542 [api.py:575] No info on imdb for tmdb id: 1399 : Game of Thrones Season 0 Episode 7"
"2019-10-29 19:14:08,543 [api.py:575] No info on imdb for tmdb id: 1399 : Game of Thrones Season 0 Episode 8"
"2019-10-29 19:14:08,545 [api.py:575] No info on imdb for tmdb id: 1399 : Game of Thrones Season 0 Episode 9"
"2019-10-29 19:14:08,546 [api.py:575] No info on imdb for tmdb id: 1399 : Game of Thrones Season 0 Episode 10"
"2019-10-29 19:14:08,548 [api.py:575] No info on imdb for tmdb id: 1399 : Game of Thrones Season 0 Episode 11"
"2019-10-29 19:14:08,550 [api.py:575] No info on imdb for tmdb id: 1399 : Game of Thrones Season 0 Episode 12"
"2019-10-29 19:14:08,552 [api.py:575] No info on imdb for tmdb id: 1399 : Game of Thrones Season 0 Episode 13"
"2019-10-29 19:14:08,553 [api.py:575] No info on imdb for tmdb id: 1399 : Game of Thrones Season 0 Episode 14"
"2019-10-29 19:14:08,555 [api.py:575] No info on imdb for tmdb id: 1399 : Game of Thrones Season 0 Episode 15"
"2019-10-29 19:14:08,556 [api.py:575] No info on imdb for tmdb id: 1399 : Game of Thrones Season 0 Episode 16"
"2019-10-29 19:14:08,558 [api.py:575] No info on imdb for tmdb id: 1399 : Game of Thrones Season 0 Episode 41"
"2019-10-29 23:20:26,134 [api.py:575] No info on imdb for tmdb id: 60735 : The Flash Season 0 Episode 1"
"2019-10-29 23:20:26,138 [api.py:575] No info on imdb for tmdb id: 60735 : The Flash Season 0 Episode 2"
"2019-10-29 23:20:26,139 [api.py:575] No info on imdb for tmdb id: 60735 : The Flash Season 0 Episode 3"
"2019-10-29 23:20:26,140 [api.py:575] No info on imdb for tmdb id: 60735 : The Flash Season 0 Episode 4"
"2019-10-29 23:20:26,141 [api.py:575] No info on imdb for tmdb id: 60735 : The Flash Season 0 Episode 5"
"2019-10-29 23:20:26,238 [api.py:575] No info on imdb for tmdb id: 60735 : The Flash Season 6 Episode 8"
"2019-10-29 23:20:31,030 [api.py:575] No info on imdb for tmdb id: 1399 : Game of Thrones Season 0 Episode 1"
"2019-10-29 23:20:31,031 [api.py:575] No info on imdb for tmdb id: 1399 : Game of Thrones Season 0 Episode 2"
"2019-10-29 23:20:31,032 [api.py:575] No info on imdb for tmdb id: 1399 : Game of Thrones Season 0 Episode 3"
"2019-10-29 23:20:31,033 [api.py:575] No info on imdb for tmdb id: 1399 : Game of Thrones Season 0 Episode 4"
"2019-10-29 23:20:31,034 [api.py:575] No info on imdb for tmdb id: 1399 : Game of Thrones Season 0 Episode 5"
"2019-10-29 23:20:31,034 [api.py:575] No info on imdb for tmdb id: 1399 : Game of Thrones Season 0 Episode 6"
"2019-10-29 23:20:31,035 [api.py:575] No info on imdb for tmdb id: 1399 : Game of Thrones Season 0 Episode 7"
"2019-10-29 23:20:31,036 [api.py:575] No info on imdb for tmdb id: 1399 : Game of Thrones Season 0 Episode 8"
"2019-10-29 23:20:31,037 [api.py:575] No info on imdb for tmdb id: 1399 : Game of Thrones Season 0 Episode 9"
"2019-10-29 23:20:31,037 [api.py:575] No info on imdb for tmdb id: 1399 : Game of Thrones Season 0 Episode 10"
"2019-10-29 23:20:31,038 [api.py:575] No info on imdb for tmdb id: 1399 : Game of Thrones Season 0 Episode 11"
"2019-10-29 23:20:31,039 [api.py:575] No info on imdb for tmdb id: 1399 : Game of Thrones Season 0 Episode 12"
"2019-10-29 23:20:31,039 [api.py:575] No info on imdb for tmdb id: 1399 : Game of Thrones Season 0 Episode 13"
"2019-10-29 23:20:31,040 [api.py:575] No info on imdb for tmdb id: 1399 : Game of Thrones Season 0 Episode 14"
"2019-10-29 23:20:31,041 [api.py:575] No info on imdb for tmdb id: 1399 : Game of Thrones Season 0 Episode 15"
"2019-10-29 23:20:31,042 [api.py:575] No info on imdb for tmdb id: 1399 : Game of Thrones Season 0 Episode 16"
"2019-10-29 23:20:31,043 [api.py:575] No info on imdb for tmdb id: 1399 : Game of Thrones Season 0 Episode 41"
"2019-10-29 23:26:49,721 [api.py:575] No info on imdb for tmdb id: 60735 : The Flash Season 0 Episode 1"
"2019-10-29 23:26:49,722 [api.py:575] No info on imdb for tmdb id: 60735 : The Flash Season 0 Episode 2"
"2019-10-29 23:26:49,723 [api.py:575] No info on imdb for tmdb id: 60735 : The Flash Season 0 Episode 3"
"2019-10-29 23:26:49,724 [api.py:575] No info on imdb for tmdb id: 60735 : The Flash Season 0 Episode 4"
"2019-10-29 23:26:49,725 [api.py:575] No info on imdb for tmdb id: 60735 : The Flash Season 0 Episode 5"
"2019-10-29 23:26:49,815 [api.py:575] No info on imdb for tmdb id: 60735 : The Flash Season 6 Episode 8"
"2019-10-29 23:26:55,465 [api.py:575] No info on imdb for tmdb id: 1399 : Game of Thrones Season 0 Episode 1"
"2019-10-29 23:26:55,466 [api.py:575] No info on imdb for tmdb id: 1399 : Game of Thrones Season 0 Episode 2"
"2019-10-29 23:26:55,467 [api.py:575] No info on imdb for tmdb id: 1399 : Game of Thrones Season 0 Episode 3"
"2019-10-29 23:26:55,468 [api.py:575] No info on imdb for tmdb id: 1399 : Game of Thrones Season 0 Episode 4"
"2019-10-29 23:26:55,469 [api.py:575] No info on imdb for tmdb id: 1399 : Game of Thrones Season 0 Episode 5"
"2019-10-29 23:26:55,470 [api.py:575] No info on imdb for tmdb id: 1399 : Game of Thrones Season 0 Episode 6"
"2019-10-29 23:26:55,470 [api.py:575] No info on imdb for tmdb id: 1399 : Game of Thrones Season 0 Episode 7"
"2019-10-29 23:26:55,471 [api.py:575] No info on imdb for tmdb id: 1399 : Game of Thrones Season 0 Episode 8"
"2019-10-29 23:26:55,472 [api.py:575] No info on imdb for tmdb id: 1399 : Game of Thrones Season 0 Episode 9"
"2019-10-29 23:26:55,473 [api.py:575] No info on imdb for tmdb id: 1399 : Game of Thrones Season 0 Episode 10"
"2019-10-29 23:26:55,474 [api.py:575] No info on imdb for tmdb id: 1399 : Game of Thrones Season 0 Episode 11"
"2019-10-29 23:26:55,475 [api.py:575] No info on imdb for tmdb id: 1399 : Game of Thrones Season 0 Episode 12"
"2019-10-29 23:26:55,476 [api.py:575] No info on imdb for tmdb id: 1399 : Game of Thrones Season 0 Episode 13"
"2019-10-29 23:26:55,477 [api.py:575] No info on imdb for tmdb id: 1399 : Game of Thrones Season 0 Episode 14"
"2019-10-29 23:26:55,477 [api.py:575] No info on imdb for tmdb id: 1399 : Game of Thrones Season 0 Episode 15"
"2019-10-29 23:26:55,478 [api.py:575] No info on imdb for tmdb id: 1399 : Game of Thrones Season 0 Episode 16"
"2019-10-29 23:26:55,479 [api.py:575] No info on imdb for tmdb id: 1399 : Game of Thrones Season 0 Episode 41"
"2019-10-30 02:40:54,003 [api.py:575] No info on imdb for tmdb id: 60735 : The Flash Season 0 Episode 1"
"2019-10-30 02:40:54,004 [api.py:575] No info on imdb for tmdb id: 60735 : The Flash Season 0 Episode 2"
"2019-10-30 02:40:54,004 [api.py:575] No info on imdb for tmdb id: 60735 : The Flash Season 0 Episode 3"
"2019-10-30 02:40:54,004 [api.py:575] No info on imdb for tmdb id: 60735 : The Flash Season 0 Episode 4"
"2019-10-30 02:40:54,004 [api.py:575] No info on imdb for tmdb id: 60735 : The Flash Season 0 Episode 5"
"2019-10-30 02:40:54,043 [api.py:575] No info on imdb for tmdb id: 60735 : The Flash Season 6 Episode 8"
"2019-10-30 02:40:57,789 [api.py:575] No info on imdb for tmdb id: 1399 : Game of Thrones Season 0 Episode 1"
"2019-10-30 02:40:57,789 [api.py:575] No info on imdb for tmdb id: 1399 : Game of Thrones Season 0 Episode 2"
"2019-10-30 02:40:57,789 [api.py:575] No info on imdb for tmdb id: 1399 : Game of Thrones Season 0 Episode 3"
"2019-10-30 02:40:57,790 [api.py:575] No info on imdb for tmdb id: 1399 : Game of Thrones Season 0 Episode 4"
"2019-10-30 02:40:57,790 [api.py:575] No info on imdb for tmdb id: 1399 : Game of Thrones Season 0 Episode 5"
"2019-10-30 02:40:57,790 [api.py:575] No info on imdb for tmdb id: 1399 : Game of Thrones Season 0 Episode 6"
"2019-10-30 02:40:57,790 [api.py:575] No info on imdb for tmdb id: 1399 : Game of Thrones Season 0 Episode 7"
"2019-10-30 02:40:57,791 [api.py:575] No info on imdb for tmdb id: 1399 : Game of Thrones Season 0 Episode 8"
"2019-10-30 02:40:57,791 [api.py:575] No info on imdb for tmdb id: 1399 : Game of Thrones Season 0 Episode 9"
"2019-10-30 02:40:57,791 [api.py:575] No info on imdb for tmdb id: 1399 : Game of Thrones Season 0 Episode 10"
"2019-10-30 02:40:57,791 [api.py:575] No info on imdb for tmdb id: 1399 : Game of Thrones Season 0 Episode 11"
"2019-10-30 02:40:57,792 [api.py:575] No info on imdb for tmdb id: 1399 : Game of Thrones Season 0 Episode 12"
"2019-10-30 02:40:57,792 [api.py:575] No info on imdb for tmdb id: 1399 : Game of Thrones Season 0 Episode 13"
"2019-10-30 02:40:57,792 [api.py:575] No info on imdb for tmdb id: 1399 : Game of Thrones Season 0 Episode 14"
"2019-10-30 02:40:57,792 [api.py:575] No info on imdb for tmdb id: 1399 : Game of Thrones Season 0 Episode 15"
"2019-10-30 02:40:57,792 [api.py:575] No info on imdb for tmdb id: 1399 : Game of Thrones Season 0 Episode 16"
"2019-10-30 02:40:57,792 [api.py:575] No info on imdb for tmdb id: 1399 : Game of Thrones Season 0 Episode 41"
"2019-10-30 02:43:20,343 [api.py:575] No info on imdb for tmdb id: 60735 : The Flash Season 0 Episode 1"
"2019-10-30 02:43:20,344 [api.py:575] No info on imdb for tmdb id: 60735 : The Flash Season 0 Episode 2"
"2019-10-30 02:43:20,345 [api.py:575] No info on imdb for tmdb id: 60735 : The Flash Season 0 Episode 3"
"2019-10-30 02:43:20,346 [api.py:575] No info on imdb for tmdb id: 60735 : The Flash Season 0 Episode 4"
"2019-10-30 02:43:20,347 [api.py:575] No info on imdb for tmdb id: 60735 : The Flash Season 0 Episode 5"
"2019-10-30 02:43:20,448 [api.py:575] No info on imdb for tmdb id: 60735 : The Flash Season 6 Episode 8"
"2019-10-30 02:43:25,177 [api.py:575] No info on imdb for tmdb id: 1399 : Game of Thrones Season 0 Episode 1"
"2019-10-30 02:43:25,179 [api.py:575] No info on imdb for tmdb id: 1399 : Game of Thrones Season 0 Episode 2"
"2019-10-30 02:43:25,180 [api.py:575] No info on imdb for tmdb id: 1399 : Game of Thrones Season 0 Episode 3"
"2019-10-30 02:43:25,181 [api.py:575] No info on imdb for tmdb id: 1399 : Game of Thrones Season 0 Episode 4"
"2019-10-30 02:43:25,182 [api.py:575] No info on imdb for tmdb id: 1399 : Game of Thrones Season 0 Episode 5"
"2019-10-30 02:43:25,182 [api.py:575] No info on imdb for tmdb id: 1399 : Game of Thrones Season 0 Episode 6"
"2019-10-30 02:43:25,183 [api.py:575] No info on imdb for tmdb id: 1399 : Game of Thrones Season 0 Episode 7"
"2019-10-30 02:43:25,184 [api.py:575] No info on imdb for tmdb id: 1399 : Game of Thrones Season 0 Episode 8"
"2019-10-30 02:43:25,185 [api.py:575] No info on imdb for tmdb id: 1399 : Game of Thrones Season 0 Episode 9"
"2019-10-30 02:43:25,186 [api.py:575] No info on imdb for tmdb id: 1399 : Game of Thrones Season 0 Episode 10"
"2019-10-30 02:43:25,187 [api.py:575] No info on imdb for tmdb id: 1399 : Game of Thrones Season 0 Episode 11"
"2019-10-30 02:43:25,188 [api.py:575] No info on imdb for tmdb id: 1399 : Game of Thrones Season 0 Episode 12"
"2019-10-30 02:43:25,189 [api.py:575] No info on imdb for tmdb id: 1399 : Game of Thrones Season 0 Episode 13"
"2019-10-30 02:43:25,189 [api.py:575] No info on imdb for tmdb id: 1399 : Game of Thrones Season 0 Episode 14"
"2019-10-30 02:43:25,190 [api.py:575] No info on imdb for tmdb id: 1399 : Game of Thrones Season 0 Episode 15"
"2019-10-30 02:43:25,192 [api.py:575] No info on imdb for tmdb id: 1399 : Game of Thrones Season 0 Episode 16"
"2019-10-30 02:43:25,193 [api.py:575] No info on imdb for tmdb id: 1399 : Game of Thrones Season 0 Episode 41"
"2019-10-30 12:42:53,684 [api.py:575] No info on imdb for tmdb id: 1399 : Game of Thrones Season 0 Episode 1"
"2019-10-30 12:42:53,686 [api.py:575] No info on imdb for tmdb id: 1399 : Game of Thrones Season 0 Episode 2"
"2019-10-30 12:42:53,687 [api.py:575] No info on imdb for tmdb id: 1399 : Game of Thrones Season 0 Episode 3"
"2019-10-30 12:42:53,688 [api.py:575] No info on imdb for tmdb id: 1399 : Game of Thrones Season 0 Episode 4"
"2019-10-30 12:42:53,690 [api.py:575] No info on imdb for tmdb id: 1399 : Game of Thrones Season 0 Episode 5"
"2019-10-30 12:42:53,691 [api.py:575] No info on imdb for tmdb id: 1399 : Game of Thrones Season 0 Episode 6"
"2019-10-30 12:42:53,692 [api.py:575] No info on imdb for tmdb id: 1399 : Game of Thrones Season 0 Episode 7"
"2019-10-30 12:42:53,694 [api.py:575] No info on imdb for tmdb id: 1399 : Game of Thrones Season 0 Episode 8"
"2019-10-30 12:42:53,695 [api.py:575] No info on imdb for tmdb id: 1399 : Game of Thrones Season 0 Episode 9"
"2019-10-30 12:42:53,695 [api.py:575] No info on imdb for tmdb id: 1399 : Game of Thrones Season 0 Episode 10"
"2019-10-30 12:42:53,696 [api.py:575] No info on imdb for tmdb id: 1399 : Game of Thrones Season 0 Episode 11"
"2019-10-30 12:42:53,697 [api.py:575] No info on imdb for tmdb id: 1399 : Game of Thrones Season 0 Episode 12"
"2019-10-30 12:42:53,698 [api.py:575] No info on imdb for tmdb id: 1399 : Game of Thrones Season 0 Episode 13"
"2019-10-30 12:42:53,699 [api.py:575] No info on imdb for tmdb id: 1399 : Game of Thrones Season 0 Episode 14"
"2019-10-30 12:42:53,700 [api.py:575] No info on imdb for tmdb id: 1399 : Game of Thrones Season 0 Episode 15"
"2019-10-30 12:42:53,700 [api.py:575] No info on imdb for tmdb id: 1399 : Game of Thrones Season 0 Episode 16"
"2019-10-30 12:42:53,701 [api.py:575] No info on imdb for tmdb id: 1399 : Game of Thrones Season 0 Episode 41"
"2019-10-30 12:42:56,117 [api.py:575] No info on imdb for tmdb id: 60735 : The Flash Season 0 Episode 1"
"2019-10-30 12:42:56,117 [api.py:575] No info on imdb for tmdb id: 60735 : The Flash Season 0 Episode 2"
"2019-10-30 12:42:56,118 [api.py:575] No info on imdb for tmdb id: 60735 : The Flash Season 0 Episode 3"
"2019-10-30 12:42:56,119 [api.py:575] No info on imdb for tmdb id: 60735 : The Flash Season 0 Episode 4"
"2019-10-30 12:42:56,120 [api.py:575] No info on imdb for tmdb id: 60735 : The Flash Season 0 Episode 5"
"2019-10-30 12:42:56,217 [api.py:575] No info on imdb for tmdb id: 60735 : The Flash Season 6 Episode 8"
"2019-10-31 10:41:21,685 [api.py:575] No info on imdb for tmdb id: 60735 : The Flash Season 0 Episode 1"
"2019-10-31 10:41:21,687 [api.py:575] No info on imdb for tmdb id: 60735 : The Flash Season 0 Episode 2"
"2019-10-31 10:41:21,688 [api.py:575] No info on imdb for tmdb id: 60735 : The Flash Season 0 Episode 3"
"2019-10-31 10:41:21,689 [api.py:575] No info on imdb for tmdb id: 60735 : The Flash Season 0 Episode 4"
"2019-10-31 10:41:21,691 [api.py:575] No info on imdb for tmdb id: 60735 : The Flash Season 0 Episode 5"
"2019-10-31 10:41:21,790 [api.py:575] No info on imdb for tmdb id: 60735 : The Flash Season 6 Episode 8"
"2019-10-31 10:41:22,417 [api.py:575] No info on imdb for tmdb id: 1399 : Game of Thrones Season 0 Episode 1"
"2019-10-31 10:41:22,418 [api.py:575] No info on imdb for tmdb id: 1399 : Game of Thrones Season 0 Episode 2"
"2019-10-31 10:41:22,419 [api.py:575] No info on imdb for tmdb id: 1399 : Game of Thrones Season 0 Episode 3"
"2019-10-31 10:41:22,420 [api.py:575] No info on imdb for tmdb id: 1399 : Game of Thrones Season 0 Episode 4"
"2019-10-31 10:41:22,421 [api.py:575] No info on imdb for tmdb id: 1399 : Game of Thrones Season 0 Episode 5"
"2019-10-31 10:41:22,422 [api.py:575] No info on imdb for tmdb id: 1399 : Game of Thrones Season 0 Episode 6"
"2019-10-31 10:41:22,423 [api.py:575] No info on imdb for tmdb id: 1399 : Game of Thrones Season 0 Episode 7"
"2019-10-31 10:41:22,424 [api.py:575] No info on imdb for tmdb id: 1399 : Game of Thrones Season 0 Episode 8"
"2019-10-31 10:41:22,425 [api.py:575] No info on imdb for tmdb id: 1399 : Game of Thrones Season 0 Episode 9"
"2019-10-31 10:41:22,426 [api.py:575] No info on imdb for tmdb id: 1399 : Game of Thrones Season 0 Episode 10"
"2019-10-31 10:41:22,427 [api.py:575] No info on imdb for tmdb id: 1399 : Game of Thrones Season 0 Episode 11"
"2019-10-31 10:41:22,428 [api.py:575] No info on imdb for tmdb id: 1399 : Game of Thrones Season 0 Episode 12"
"2019-10-31 10:41:22,428 [api.py:575] No info on imdb for tmdb id: 1399 : Game of Thrones Season 0 Episode 13"
"2019-10-31 10:41:22,429 [api.py:575] No info on imdb for tmdb id: 1399 : Game of Thrones Season 0 Episode 14"
"2019-10-31 10:41:22,430 [api.py:575] No info on imdb for tmdb id: 1399 : Game of Thrones Season 0 Episode 15"
"2019-10-31 10:41:22,431 [api.py:575] No info on imdb for tmdb id: 1399 : Game of Thrones Season 0 Episode 16"
"2019-10-31 10:41:22,432 [api.py:575] No info on imdb for tmdb id: 1399 : Game of Thrones Season 0 Episode 41"
"2019-10-31 10:54:36,855 [api.py:575] No info on imdb for tmdb id: 1399 : Game of Thrones Season 0 Episode 1"
"2019-10-31 10:54:36,856 [api.py:575] No info on imdb for tmdb id: 1399 : Game of Thrones Season 0 Episode 2"
"2019-10-31 10:54:36,857 [api.py:575] No info on imdb for tmdb id: 1399 : Game of Thrones Season 0 Episode 3"
"2019-10-31 10:54:36,858 [api.py:575] No info on imdb for tmdb id: 1399 : Game of Thrones Season 0 Episode 4"
"2019-10-31 10:54:36,859 [api.py:575] No info on imdb for tmdb id: 1399 : Game of Thrones Season 0 Episode 5"
"2019-10-31 10:54:36,860 [api.py:575] No info on imdb for tmdb id: 1399 : Game of Thrones Season 0 Episode 6"
"2019-10-31 10:54:36,861 [api.py:575] No info on imdb for tmdb id: 1399 : Game of Thrones Season 0 Episode 7"
"2019-10-31 10:54:36,862 [api.py:575] No info on imdb for tmdb id: 1399 : Game of Thrones Season 0 Episode 8"
"2019-10-31 10:54:36,863 [api.py:575] No info on imdb for tmdb id: 1399 : Game of Thrones Season 0 Episode 9"
"2019-10-31 10:54:36,864 [api.py:575] No info on imdb for tmdb id: 1399 : Game of Thrones Season 0 Episode 10"
"2019-10-31 10:54:36,865 [api.py:575] No info on imdb for tmdb id: 1399 : Game of Thrones Season 0 Episode 11"
"2019-10-31 10:54:36,866 [api.py:575] No info on imdb for tmdb id: 1399 : Game of Thrones Season 0 Episode 12"
"2019-10-31 10:54:36,867 [api.py:575] No info on imdb for tmdb id: 1399 : Game of Thrones Season 0 Episode 13"
"2019-10-31 10:54:36,867 [api.py:575] No info on imdb for tmdb id: 1399 : Game of Thrones Season 0 Episode 14"
"2019-10-31 10:54:36,869 [api.py:575] No info on imdb for tmdb id: 1399 : Game of Thrones Season 0 Episode 15"
"2019-10-31 10:54:36,870 [api.py:575] No info on imdb for tmdb id: 1399 : Game of Thrones Season 0 Episode 16"
"2019-10-31 10:54:36,871 [api.py:575] No info on imdb for tmdb id: 1399 : Game of Thrones Season 0 Episode 41"
"2019-10-31 10:54:37,387 [api.py:575] No info on imdb for tmdb id: 60735 : The Flash Season 0 Episode 1"
"2019-10-31 10:54:37,388 [api.py:575] No info on imdb for tmdb id: 60735 : The Flash Season 0 Episode 2"
"2019-10-31 10:54:37,389 [api.py:575] No info on imdb for tmdb id: 60735 : The Flash Season 0 Episode 3"
"2019-10-31 10:54:37,390 [api.py:575] No info on imdb for tmdb id: 60735 : The Flash Season 0 Episode 4"
"2019-10-31 10:54:37,391 [api.py:575] No info on imdb for tmdb id: 60735 : The Flash Season 0 Episode 5"
"2019-10-31 10:54:37,500 [api.py:575] No info on imdb for tmdb id: 60735 : The Flash Season 6 Episode 8"
"2019-10-31 10:56:14,751 [api.py:575] No info on imdb for tmdb id: 60735 : The Flash Season 0 Episode 1"
"2019-10-31 10:56:14,753 [api.py:575] No info on imdb for tmdb id: 60735 : The Flash Season 0 Episode 2"
"2019-10-31 10:56:14,754 [api.py:575] No info on imdb for tmdb id: 60735 : The Flash Season 0 Episode 3"
"2019-10-31 10:56:14,755 [api.py:575] No info on imdb for tmdb id: 60735 : The Flash Season 0 Episode 4"
"2019-10-31 10:56:14,756 [api.py:575] No info on imdb for tmdb id: 60735 : The Flash Season 0 Episode 5"
"2019-10-31 10:56:14,863 [api.py:575] No info on imdb for tmdb id: 60735 : The Flash Season 6 Episode 8"
"2019-10-31 10:56:20,511 [api.py:575] No info on imdb for tmdb id: 1399 : Game of Thrones Season 0 Episode 1"
"2019-10-31 10:56:20,513 [api.py:575] No info on imdb for tmdb id: 1399 : Game of Thrones Season 0 Episode 2"
"2019-10-31 10:56:20,514 [api.py:575] No info on imdb for tmdb id: 1399 : Game of Thrones Season 0 Episode 3"
"2019-10-31 10:56:20,515 [api.py:575] No info on imdb for tmdb id: 1399 : Game of Thrones Season 0 Episode 4"
"2019-10-31 10:56:20,516 [api.py:575] No info on imdb for tmdb id: 1399 : Game of Thrones Season 0 Episode 5"
"2019-10-31 10:56:20,517 [api.py:575] No info on imdb for tmdb id: 1399 : Game of Thrones Season 0 Episode 6"
"2019-10-31 10:56:20,518 [api.py:575] No info on imdb for tmdb id: 1399 : Game of Thrones Season 0 Episode 7"
"2019-10-31 10:56:20,519 [api.py:575] No info on imdb for tmdb id: 1399 : Game of Thrones Season 0 Episode 8"
"2019-10-31 10:56:20,520 [api.py:575] No info on imdb for tmdb id: 1399 : Game of Thrones Season 0 Episode 9"
"2019-10-31 10:56:20,521 [api.py:575] No info on imdb for tmdb id: 1399 : Game of Thrones Season 0 Episode 10"
"2019-10-31 10:56:20,521 [api.py:575] No info on imdb for tmdb id: 1399 : Game of Thrones Season 0 Episode 11"
"2019-10-31 10:56:20,523 [api.py:575] No info on imdb for tmdb id: 1399 : Game of Thrones Season 0 Episode 12"
"2019-10-31 10:56:20,524 [api.py:575] No info on imdb for tmdb id: 1399 : Game of Thrones Season 0 Episode 13"
"2019-10-31 10:56:20,525 [api.py:575] No info on imdb for tmdb id: 1399 : Game of Thrones Season 0 Episode 14"
"2019-10-31 10:56:20,526 [api.py:575] No info on imdb for tmdb id: 1399 : Game of Thrones Season 0 Episode 15"
"2019-10-31 10:56:20,527 [api.py:575] No info on imdb for tmdb id: 1399 : Game of Thrones Season 0 Episode 16"
"2019-10-31 10:56:20,528 [api.py:575] No info on imdb for tmdb id: 1399 : Game of Thrones Season 0 Episode 41"
"2019-11-01 11:28:07,926 [api.py:575] No info on imdb for tmdb id: 60735 : The Flash Season 0 Episode 1"
"2019-11-01 11:28:07,928 [api.py:575] No info on imdb for tmdb id: 60735 : The Flash Season 0 Episode 2"
"2019-11-01 11:28:07,929 [api.py:575] No info on imdb for tmdb id: 60735 : The Flash Season 0 Episode 3"
"2019-11-01 11:28:07,930 [api.py:575] No info on imdb for tmdb id: 60735 : The Flash Season 0 Episode 4"
"2019-11-01 11:28:07,931 [api.py:575] No info on imdb for tmdb id: 60735 : The Flash Season 0 Episode 5"
"2019-11-01 11:28:08,068 [api.py:575] No info on imdb for tmdb id: 60735 : The Flash Season 6 Episode 8"
"2019-11-01 11:28:10,275 [api.py:575] No info on imdb for tmdb id: 1399 : Game of Thrones Season 0 Episode 1"
"2019-11-01 11:28:10,275 [api.py:575] No info on imdb for tmdb id: 1399 : Game of Thrones Season 0 Episode 2"
"2019-11-01 11:28:10,276 [api.py:575] No info on imdb for tmdb id: 1399 : Game of Thrones Season 0 Episode 3"
"2019-11-01 11:28:10,277 [api.py:575] No info on imdb for tmdb id: 1399 : Game of Thrones Season 0 Episode 4"
"2019-11-01 11:28:10,279 [api.py:575] No info on imdb for tmdb id: 1399 : Game of Thrones Season 0 Episode 5"
"2019-11-01 11:28:10,279 [api.py:575] No info on imdb for tmdb id: 1399 : Game of Thrones Season 0 Episode 6"
"2019-11-01 11:28:10,280 [api.py:575] No info on imdb for tmdb id: 1399 : Game of Thrones Season 0 Episode 7"
"2019-11-01 11:28:10,281 [api.py:575] No info on imdb for tmdb id: 1399 : Game of Thrones Season 0 Episode 8"
"2019-11-01 11:28:10,282 [api.py:575] No info on imdb for tmdb id: 1399 : Game of Thrones Season 0 Episode 9"
"2019-11-01 11:28:10,283 [api.py:575] No info on imdb for tmdb id: 1399 : Game of Thrones Season 0 Episode 10"
"2019-11-01 11:28:10,284 [api.py:575] No info on imdb for tmdb id: 1399 : Game of Thrones Season 0 Episode 11"
"2019-11-01 11:28:10,285 [api.py:575] No info on imdb for tmdb id: 1399 : Game of Thrones Season 0 Episode 12"
"2019-11-01 11:28:10,286 [api.py:575] No info on imdb for tmdb id: 1399 : Game of Thrones Season 0 Episode 13"
"2019-11-01 11:28:10,287 [api.py:575] No info on imdb for tmdb id: 1399 : Game of Thrones Season 0 Episode 14"
"2019-11-01 11:28:10,288 [api.py:575] No info on imdb for tmdb id: 1399 : Game of Thrones Season 0 Episode 15"
"2019-11-01 11:28:10,289 [api.py:575] No info on imdb for tmdb id: 1399 : Game of Thrones Season 0 Episode 16"
"2019-11-01 11:28:10,289 [api.py:575] No info on imdb for tmdb id: 1399 : Game of Thrones Season 0 Episode 41"
